

================================================================
== Vitis HLS Report for 'mm'
================================================================
* Date:           Sat Oct 15 10:35:48 2022

* Version:        2020.2.2 (Build 3118627 on Tue Feb  9 05:13:49 MST 2021)
* Project:        mm.prj
* Solution:       solution3 (Vivado IP Flow Target)
* Product family: virtexuplus
* Target device:  xcu50-fsvh2104-2-e


================================================================
== Performance Estimates
================================================================
+ Timing: 
    * Summary: 
    +--------+---------+----------+------------+
    |  Clock |  Target | Estimated| Uncertainty|
    +--------+---------+----------+------------+
    |ap_clk  |  3.00 ns|  3.212 ns|     0.81 ns|
    +--------+---------+----------+------------+

+ Latency: 
    * Summary: 
    +-------------+-------------+------------+------------+-------------+-------------+---------+
    |      Latency (cycles)     |    Latency (absolute)   |          Interval         | Pipeline|
    |     min     |     max     |     min    |     max    |     min     |     max     |   Type  |
    +-------------+-------------+------------+------------+-------------+-------------+---------+
    |  10763649025|  10763649025|  34.573 sec|  34.573 sec|  10763649026|  10763649026|     none|
    +-------------+-------------+------------+------------+-------------+-------------+---------+

    + Detail: 
        * Instance: 
        +---------------------+---------+---------+---------+-----------+-----------+------+------+---------+
        |                     |         |  Latency (cycles) |   Latency (absolute)  |   Interval  | Pipeline|
        |       Instance      |  Module |   min   |   max   |    min    |    max    |  min |  max |   Type  |
        +---------------------+---------+---------+---------+-----------+-----------+------+------+---------+
        |grp_compute_fu_2223  |compute  |     9231|     9231|  29.650 us|  29.650 us|  9231|  9231|     none|
        |grp_load_B_fu_3256   |load_B   |     1027|     1027|   3.299 us|   3.299 us|  1027|  1027|     none|
        |grp_store_fu_4288    |store    |     1027|     1027|   3.299 us|   3.299 us|  1027|  1027|     none|
        +---------------------+---------+---------+---------+-----------+-----------+------+------+---------+

        * Loop: 
        +----------------+-------------+-------------+----------+-----------+-----------+------+----------+
        |                |      Latency (cycles)     | Iteration|  Initiation Interval  | Trip |          |
        |    Loop Name   |     min     |     max     |  Latency |  achieved |   target  | Count| Pipelined|
        +----------------+-------------+-------------+----------+-----------+-----------+------+----------+
        |- OUTER_LOOP    |  10763649024|  10763649024|  10511376|          -|          -|  1024|        no|
        | + LOAD_LOOP_A  |         1025|         1025|         3|          1|          1|  1024|       yes|
        | + LOAD_LOOP_C  |         1030|         1030|         8|          1|          1|  1024|       yes|
        +----------------+-------------+-------------+----------+-----------+-----------+------+----------+



================================================================
== Utilization Estimates
================================================================
* Summary: 
+---------------------+---------+------+---------+--------+-----+
|         Name        | BRAM_18K|  DSP |    FF   |   LUT  | URAM|
+---------------------+---------+------+---------+--------+-----+
|DSP                  |        -|     -|        -|       -|    -|
|Expression           |        -|     -|        0|     154|    -|
|FIFO                 |        -|     -|        -|       -|    -|
|Instance             |        -|     8|     1073|     760|    -|
|Memory               |        6|     -|        0|       0|    -|
|Multiplexer          |        -|     -|        -|    8339|    -|
|Register             |        -|     -|     4441|      64|    -|
+---------------------+---------+------+---------+--------+-----+
|Total                |        6|     8|     5514|    9317|    0|
+---------------------+---------+------+---------+--------+-----+
|Available SLR        |     1344|  2976|   871680|  435840|  320|
+---------------------+---------+------+---------+--------+-----+
|Utilization SLR (%)  |       ~0|    ~0|       ~0|       2|    0|
+---------------------+---------+------+---------+--------+-----+
|Available            |     2688|  5952|  1743360|  871680|  640|
+---------------------+---------+------+---------+--------+-----+
|Utilization (%)      |       ~0|    ~0|       ~0|       1|    0|
+---------------------+---------+------+---------+--------+-----+

+ Detail: 
    * Instance: 
    +-----------------------------------+-------------------------------+---------+----+-----+-----+-----+
    |              Instance             |             Module            | BRAM_18K| DSP|  FF | LUT | URAM|
    +-----------------------------------+-------------------------------+---------+----+-----+-----+-----+
    |grp_compute_fu_2223                |compute                        |        0|   5|  778|  504|    0|
    |fmul_32ns_32ns_32_5_max_dsp_1_U16  |fmul_32ns_32ns_32_5_max_dsp_1  |        0|   3|  151|   85|    0|
    |grp_load_B_fu_3256                 |load_B                         |        0|   0|   73|   90|    0|
    |grp_store_fu_4288                  |store                          |        0|   0|   71|   81|    0|
    +-----------------------------------+-------------------------------+---------+----+-----+-----+-----+
    |Total                              |                               |        0|   8| 1073|  760|    0|
    +-----------------------------------+-------------------------------+---------+----+-----+-----+-----+

    * DSP: 
    N/A

    * Memory: 
    +----------+--------+---------+---+----+-----+------+-----+------+-------------+
    |  Memory  | Module | BRAM_18K| FF| LUT| URAM| Words| Bits| Banks| W*Bits*Banks|
    +----------+--------+---------+---+----+-----+------+-----+------+-------------+
    |A_buff_U  |A_buff  |        2|  0|   0|    0|  1024|   32|     1|        32768|
    |B_buff_U  |A_buff  |        2|  0|   0|    0|  1024|   32|     1|        32768|
    |C_buff_U  |A_buff  |        2|  0|   0|    0|  1024|   32|     1|        32768|
    +----------+--------+---------+---+----+-----+------+-----+------+-------------+
    |Total     |        |        6|  0|   0|    0|  3072|   96|     3|        98304|
    +----------+--------+---------+---+----+-----+------+-----+------+-------------+

    * FIFO: 
    N/A

    * Expression: 
    +------------------------------------+----------+----+---+----+------------+------------+
    |            Variable Name           | Operation| DSP| FF| LUT| Bitwidth P0| Bitwidth P1|
    +------------------------------------+----------+----+---+----+------------+------------+
    |add_ln25_fu_4359_p2                 |         +|   0|  0|  18|          11|           1|
    |add_ln27_fu_4375_p2                 |         +|   0|  0|  27|          20|          20|
    |add_ln55_fu_4300_p2                 |         +|   0|  0|  18|          11|           1|
    |add_ln6_fu_4324_p2                  |         +|   0|  0|  18|          11|           1|
    |add_ln8_fu_4340_p2                  |         +|   0|  0|  27|          20|          20|
    |icmp_ln25_fu_4365_p2                |      icmp|   0|  0|  12|          11|          12|
    |icmp_ln55_fu_4306_p2                |      icmp|   0|  0|  12|          11|          12|
    |icmp_ln6_fu_4330_p2                 |      icmp|   0|  0|  12|          11|          12|
    |ap_block_state1000_on_subcall_done  |        or|   0|  0|   2|           1|           1|
    |ap_enable_pp0                       |       xor|   0|  0|   2|           1|           2|
    |ap_enable_pp1                       |       xor|   0|  0|   2|           1|           2|
    |ap_enable_reg_pp0_iter1             |       xor|   0|  0|   2|           2|           1|
    |ap_enable_reg_pp1_iter1             |       xor|   0|  0|   2|           2|           1|
    +------------------------------------+----------+----+---+----+------------+------------+
    |Total                               |          |   0|  0| 154|         113|          86|
    +------------------------------------+----------+----+---+----+------------+------------+

    * Multiplexer: 
    +-------------------------------+------+-----------+-----+-----------+
    |              Name             |  LUT | Input Size| Bits| Total Bits|
    +-------------------------------+------+-----------+-----+-----------+
    |A_buff_address0                |    14|          3|   10|         30|
    |A_buff_ce0                     |    14|          3|    1|          3|
    |B_buff_address0                |    14|          3|   10|         30|
    |B_buff_ce0                     |    14|          3|    1|          3|
    |B_buff_we0                     |     9|          2|    1|          2|
    |B_ce0                          |     9|          2|    1|          2|
    |C_address0                     |    14|          3|   20|         60|
    |C_buff_address0                |    20|          4|   10|         40|
    |C_buff_ce0                     |    20|          4|    1|          4|
    |C_buff_d0                      |    14|          3|   32|         96|
    |C_buff_we0                     |    14|          3|    1|          3|
    |C_ce0                          |    14|          3|    1|          3|
    |C_we0                          |     9|          2|    1|          2|
    |ap_NS_fsm                      |  2693|       4104|    1|       4104|
    |ap_enable_reg_pp0_iter1        |     9|          2|    1|          2|
    |ap_enable_reg_pp0_iter2        |     9|          2|    1|          2|
    |ap_enable_reg_pp1_iter1        |     9|          2|    1|          2|
    |ap_enable_reg_pp1_iter7        |     9|          2|    1|          2|
    |ap_phi_mux_j_1_phi_fu_2215_p4  |     9|          2|   11|         22|
    |ap_phi_mux_j_phi_fu_2203_p4    |     9|          2|   11|         22|
    |grp_compute_fu_2223_j_offset   |  2693|       1025|   10|      10250|
    |grp_load_B_fu_3256_i           |  2693|       1025|   10|      10250|
    |i_reg_2188                     |     9|          2|   11|         22|
    |j_1_reg_2211                   |     9|          2|   11|         22|
    |j_reg_2199                     |     9|          2|   11|         22|
    +-------------------------------+------+-----------+-----+-----------+
    |Total                          |  8339|       6210|  170|      25000|
    +-------------------------------+------+-----------+-----+-----------+

    * Register: 
    +----------------------------------+------+----+------+-----------+
    |               Name               |  FF  | LUT| Bits | Const Bits|
    +----------------------------------+------+----+------+-----------+
    |A_load_reg_4438                   |    32|   0|    32|          0|
    |C_load_reg_4457                   |    32|   0|    32|          0|
    |add_ln25_reg_4443                 |    11|   0|    11|          0|
    |add_ln55_reg_4404                 |    11|   0|    11|          0|
    |add_ln6_reg_4424                  |    11|   0|    11|          0|
    |ap_CS_fsm                         |  4103|   0|  4103|          0|
    |ap_enable_reg_pp0_iter0           |     1|   0|     1|          0|
    |ap_enable_reg_pp0_iter1           |     1|   0|     1|          0|
    |ap_enable_reg_pp0_iter2           |     1|   0|     1|          0|
    |ap_enable_reg_pp1_iter0           |     1|   0|     1|          0|
    |ap_enable_reg_pp1_iter1           |     1|   0|     1|          0|
    |ap_enable_reg_pp1_iter2           |     1|   0|     1|          0|
    |ap_enable_reg_pp1_iter3           |     1|   0|     1|          0|
    |ap_enable_reg_pp1_iter4           |     1|   0|     1|          0|
    |ap_enable_reg_pp1_iter5           |     1|   0|     1|          0|
    |ap_enable_reg_pp1_iter6           |     1|   0|     1|          0|
    |ap_enable_reg_pp1_iter7           |     1|   0|     1|          0|
    |empty_12_reg_4413                 |    10|   0|    10|          0|
    |grp_compute_fu_2223_ap_start_reg  |     1|   0|     1|          0|
    |grp_load_B_fu_3256_ap_start_reg   |     1|   0|     1|          0|
    |grp_store_fu_4288_ap_start_reg    |     1|   0|     1|          0|
    |i_reg_2188                        |    11|   0|    11|          0|
    |icmp_ln25_reg_4448                |     1|   0|     1|          0|
    |icmp_ln6_reg_4429                 |     1|   0|     1|          0|
    |icmp_ln6_reg_4429_pp0_iter1_reg   |     1|   0|     1|          0|
    |j_1_reg_2211                      |    11|   0|    11|          0|
    |j_reg_2199                        |    11|   0|    11|          0|
    |j_reg_2199_pp0_iter1_reg          |    11|   0|    11|          0|
    |mul1_i_reg_4467                   |    32|   0|    32|          0|
    |tmp_1_reg_4418                    |    10|   0|    20|         10|
    |icmp_ln25_reg_4448                |    64|  32|     1|          0|
    |j_1_reg_2211                      |    64|  32|    11|          0|
    +----------------------------------+------+----+------+-----------+
    |Total                             |  4441|  64|  4335|         10|
    +----------------------------------+------+----+------+-----------+



================================================================
== Interface
================================================================
* Summary: 
+------------+-----+-----+------------+--------------+--------------+
|  RTL Ports | Dir | Bits|  Protocol  | Source Object|    C Type    |
+------------+-----+-----+------------+--------------+--------------+
|ap_clk      |   in|    1|  ap_ctrl_hs|            mm|  return value|
|ap_rst      |   in|    1|  ap_ctrl_hs|            mm|  return value|
|ap_start    |   in|    1|  ap_ctrl_hs|            mm|  return value|
|ap_done     |  out|    1|  ap_ctrl_hs|            mm|  return value|
|ap_idle     |  out|    1|  ap_ctrl_hs|            mm|  return value|
|ap_ready    |  out|    1|  ap_ctrl_hs|            mm|  return value|
|C_address0  |  out|   20|   ap_memory|             C|         array|
|C_ce0       |  out|    1|   ap_memory|             C|         array|
|C_we0       |  out|    1|   ap_memory|             C|         array|
|C_d0        |  out|   32|   ap_memory|             C|         array|
|C_q0        |   in|   32|   ap_memory|             C|         array|
|A_address0  |  out|   20|   ap_memory|             A|         array|
|A_ce0       |  out|    1|   ap_memory|             A|         array|
|A_q0        |   in|   32|   ap_memory|             A|         array|
|B_address0  |  out|   20|   ap_memory|             B|         array|
|B_ce0       |  out|    1|   ap_memory|             B|         array|
|B_q0        |   in|   32|   ap_memory|             B|         array|
|alpha       |   in|   32|     ap_none|         alpha|        scalar|
|beta        |   in|   32|     ap_none|          beta|        scalar|
+------------+-----+-----+------------+--------------+--------------+

