

================================================================
== Vitis HLS Report for 'mm'
================================================================
* Date:           Sat Oct 15 11:06:02 2022

* Version:        2020.2.2 (Build 3118627 on Tue Feb  9 05:13:49 MST 2021)
* Project:        mm.prj
* Solution:       solution3 (Vivado IP Flow Target)
* Product family: virtexuplus
* Target device:  xcu50-fsvh2104-2-e


================================================================
== Performance Estimates
================================================================
+ Timing: 
    * Summary: 
    +--------+---------+----------+------------+
    |  Clock |  Target | Estimated| Uncertainty|
    +--------+---------+----------+------------+
    |ap_clk  |  3.30 ns|  2.970 ns|     0.89 ns|
    +--------+---------+----------+------------+

+ Latency: 
    * Summary: 
    +------------+------------+------------+------------+------------+------------+---------+
    |     Latency (cycles)    |    Latency (absolute)   |         Interval        | Pipeline|
    |     min    |     max    |     min    |     max    |     min    |     max    |   Type  |
    +------------+------------+------------+------------+------------+------------+---------+
    |  8609342465|  8609342465|  28.411 sec|  28.411 sec|  8609342466|  8609342466|     none|
    +------------+------------+------------+------------+------------+------------+---------+

    + Detail: 
        * Instance: 
        +--------------------+---------+---------+---------+-----------+-----------+------+------+---------+
        |                    |         |  Latency (cycles) |   Latency (absolute)  |   Interval  | Pipeline|
        |      Instance      |  Module |   min   |   max   |    min    |    max    |  min |  max |   Type  |
        +--------------------+---------+---------+---------+-----------+-----------+------+------+---------+
        |grp_load_C_fu_110   |load_C   |      517|      517|   1.706 us|   1.706 us|   517|   517|     none|
        |grp_load_B_fu_119   |load_B   |      513|      513|   1.693 us|   1.693 us|   513|   513|     none|
        |grp_load_A_fu_127   |load_A   |      513|      513|   1.693 us|   1.693 us|   513|   513|     none|
        |grp_store_fu_135    |store    |      513|      513|   1.693 us|   1.693 us|   513|   513|     none|
        |grp_compute_fu_143  |compute  |     7178|     7178|  23.687 us|  23.687 us|  7178|  7178|     none|
        +--------------------+---------+---------+---------+-----------+-----------+------+------+---------+

        * Loop: 
        +---------------+------------+------------+----------+-----------+-----------+------+----------+
        |               |     Latency (cycles)    | Iteration|  Initiation Interval  | Trip |          |
        |   Loop Name   |     min    |     max    |  Latency |  achieved |   target  | Count| Pipelined|
        +---------------+------------+------------+----------+-----------+-----------+------+----------+
        |- OUTER_LOOP   |  8609342464|  8609342464|   8407561|          -|          -|  1024|        no|
        | + INNER_LOOP  |     8407040|     8407040|      8210|          -|          -|  1024|        no|
        +---------------+------------+------------+----------+-----------+-----------+------+----------+



================================================================
== Utilization Estimates
================================================================
* Summary: 
+---------------------+---------+------+---------+--------+-----+
|         Name        | BRAM_18K|  DSP |    FF   |   LUT  | URAM|
+---------------------+---------+------+---------+--------+-----+
|DSP                  |        -|     -|        -|       -|    -|
|Expression           |        -|     -|        0|      62|    -|
|FIFO                 |        -|     -|        -|       -|    -|
|Instance             |        -|     8|    12955|  145279|    -|
|Memory               |        6|     -|        0|       0|    -|
|Multiplexer          |        -|     -|        -|     407|    -|
|Register             |        -|     -|       79|       -|    -|
+---------------------+---------+------+---------+--------+-----+
|Total                |        6|     8|    13034|  145748|    0|
+---------------------+---------+------+---------+--------+-----+
|Available SLR        |     1344|  2976|   871680|  435840|  320|
+---------------------+---------+------+---------+--------+-----+
|Utilization SLR (%)  |       ~0|    ~0|        1|      33|    0|
+---------------------+---------+------+---------+--------+-----+
|Available            |     2688|  5952|  1743360|  871680|  640|
+---------------------+---------+------+---------+--------+-----+
|Utilization (%)      |       ~0|    ~0|       ~0|      16|    0|
+---------------------+---------+------+---------+--------+-----+

+ Detail: 
    * Instance: 
    +-----------------------------------+-------------------------------+---------+----+------+-------+-----+
    |              Instance             |             Module            | BRAM_18K| DSP|  FF  |  LUT  | URAM|
    +-----------------------------------+-------------------------------+---------+----+------+-------+-----+
    |grp_compute_fu_143                 |compute                        |        0|   2|  7699|   8339|    0|
    |fmul_32ns_32ns_32_4_max_dsp_1_U25  |fmul_32ns_32ns_32_4_max_dsp_1  |        0|   3|   143|     78|    0|
    |fmul_32ns_32ns_32_4_max_dsp_1_U26  |fmul_32ns_32ns_32_4_max_dsp_1  |        0|   3|   143|     78|    0|
    |grp_load_A_fu_127                  |load_A                         |        0|   0|   588|  39311|    0|
    |grp_load_B_fu_119                  |load_B                         |        0|   0|  3138|  18851|    0|
    |grp_load_C_fu_110                  |load_C                         |        0|   0|   656|  39311|    0|
    |grp_store_fu_135                   |store                          |        0|   0|   588|  39311|    0|
    +-----------------------------------+-------------------------------+---------+----+------+-------+-----+
    |Total                              |                               |        0|   8| 12955| 145279|    0|
    +-----------------------------------+-------------------------------+---------+----+------+-------+-----+

    * DSP: 
    N/A

    * Memory: 
    +----------+--------+---------+---+----+-----+------+-----+------+-------------+
    |  Memory  | Module | BRAM_18K| FF| LUT| URAM| Words| Bits| Banks| W*Bits*Banks|
    +----------+--------+---------+---+----+-----+------+-----+------+-------------+
    |A_buff_U  |A_buff  |        2|  0|   0|    0|  1024|   32|     1|        32768|
    |B_buff_U  |A_buff  |        2|  0|   0|    0|  1024|   32|     1|        32768|
    |C_buff_U  |C_buff  |        2|  0|   0|    0|  1024|   32|     1|        32768|
    +----------+--------+---------+---+----+-----+------+-----+------+-------------+
    |Total     |        |        6|  0|   0|    0|  3072|   96|     3|        98304|
    +----------+--------+---------+---+----+-----+------+-----+------+-------------+

    * FIFO: 
    N/A

    * Expression: 
    +---------------------------------+----------+----+---+----+------------+------------+
    |          Variable Name          | Operation| DSP| FF| LUT| Bitwidth P0| Bitwidth P1|
    +---------------------------------+----------+----+---+----+------------+------------+
    |i_1_fu_152_p2                    |         +|   0|  0|  18|          11|           1|
    |j_1_fu_168_p2                    |         +|   0|  0|  18|          11|           1|
    |icmp_ln60_fu_158_p2              |      icmp|   0|  0|  12|          11|          12|
    |icmp_ln64_fu_174_p2              |      icmp|   0|  0|  12|          11|          12|
    |ap_block_state4_on_subcall_done  |        or|   0|  0|   2|           1|           1|
    +---------------------------------+----------+----+---+----+------------+------------+
    |Total                            |          |   0|  0|  62|          45|          27|
    +---------------------------------+----------+----+---+----+------------+------------+

    * Multiplexer: 
    +-----------------+----+-----------+-----+-----------+
    |       Name      | LUT| Input Size| Bits| Total Bits|
    +-----------------+----+-----------+-----+-----------+
    |A_buff_address0  |  14|          3|   10|         30|
    |A_buff_ce0       |  14|          3|    1|          3|
    |A_buff_ce1       |   9|          2|    1|          2|
    |A_buff_we0       |   9|          2|    1|          2|
    |A_buff_we1       |   9|          2|    1|          2|
    |B_buff_address0  |  14|          3|   10|         30|
    |B_buff_ce0       |  14|          3|    1|          3|
    |B_buff_ce1       |   9|          2|    1|          2|
    |B_buff_we0       |   9|          2|    1|          2|
    |B_buff_we1       |   9|          2|    1|          2|
    |C_address0       |  14|          3|   20|         60|
    |C_address1       |  14|          3|   20|         60|
    |C_buff_address0  |  20|          4|   10|         40|
    |C_buff_address1  |  14|          3|   10|         30|
    |C_buff_ce0       |  20|          4|    1|          4|
    |C_buff_ce1       |  14|          3|    1|          3|
    |C_buff_d0        |  14|          3|   32|         96|
    |C_buff_we0       |  14|          3|    1|          3|
    |C_buff_we1       |   9|          2|    1|          2|
    |C_ce0            |  14|          3|    1|          3|
    |C_ce1            |  14|          3|    1|          3|
    |C_we0            |   9|          2|    1|          2|
    |C_we1            |   9|          2|    1|          2|
    |ap_NS_fsm        |  59|         11|    1|         11|
    |grp_fu_224_ce    |  14|          3|    1|          3|
    |grp_fu_224_p0    |   9|          2|   32|         64|
    |grp_fu_224_p1    |   9|          2|   32|         64|
    |grp_fu_228_ce    |   9|          2|    1|          2|
    |i_reg_88         |   9|          2|   11|         22|
    |j_reg_99         |   9|          2|   11|         22|
    +-----------------+----+-----------+-----+-----------+
    |Total            | 407|         86|  217|        574|
    +-----------------+----+-----------+-----+-----------+

    * Register: 
    +---------------------------------+----+----+-----+-----------+
    |               Name              | FF | LUT| Bits| Const Bits|
    +---------------------------------+----+----+-----+-----------+
    |ap_CS_fsm                        |  10|   0|   10|          0|
    |empty_9_reg_218                  |  10|   0|   10|          0|
    |grp_compute_fu_143_ap_start_reg  |   1|   0|    1|          0|
    |grp_load_A_fu_127_ap_start_reg   |   1|   0|    1|          0|
    |grp_load_B_fu_119_ap_start_reg   |   1|   0|    1|          0|
    |grp_load_C_fu_110_ap_start_reg   |   1|   0|    1|          0|
    |grp_store_fu_135_ap_start_reg    |   1|   0|    1|          0|
    |i_1_reg_195                      |  11|   0|   11|          0|
    |i_reg_88                         |  11|   0|   11|          0|
    |j_1_reg_210                      |  11|   0|   11|          0|
    |j_reg_99                         |  11|   0|   11|          0|
    |trunc_ln60_reg_203               |  10|   0|   10|          0|
    +---------------------------------+----+----+-----+-----------+
    |Total                            |  79|   0|   79|          0|
    +---------------------------------+----+----+-----+-----------+



================================================================
== Interface
================================================================
* Summary: 
+------------+-----+-----+------------+--------------+--------------+
|  RTL Ports | Dir | Bits|  Protocol  | Source Object|    C Type    |
+------------+-----+-----+------------+--------------+--------------+
|ap_clk      |   in|    1|  ap_ctrl_hs|            mm|  return value|
|ap_rst      |   in|    1|  ap_ctrl_hs|            mm|  return value|
|ap_start    |   in|    1|  ap_ctrl_hs|            mm|  return value|
|ap_done     |  out|    1|  ap_ctrl_hs|            mm|  return value|
|ap_idle     |  out|    1|  ap_ctrl_hs|            mm|  return value|
|ap_ready    |  out|    1|  ap_ctrl_hs|            mm|  return value|
|C_address0  |  out|   20|   ap_memory|             C|         array|
|C_ce0       |  out|    1|   ap_memory|             C|         array|
|C_we0       |  out|    1|   ap_memory|             C|         array|
|C_d0        |  out|   32|   ap_memory|             C|         array|
|C_q0        |   in|   32|   ap_memory|             C|         array|
|C_address1  |  out|   20|   ap_memory|             C|         array|
|C_ce1       |  out|    1|   ap_memory|             C|         array|
|C_we1       |  out|    1|   ap_memory|             C|         array|
|C_d1        |  out|   32|   ap_memory|             C|         array|
|C_q1        |   in|   32|   ap_memory|             C|         array|
|A_address0  |  out|   20|   ap_memory|             A|         array|
|A_ce0       |  out|    1|   ap_memory|             A|         array|
|A_q0        |   in|   32|   ap_memory|             A|         array|
|A_address1  |  out|   20|   ap_memory|             A|         array|
|A_ce1       |  out|    1|   ap_memory|             A|         array|
|A_q1        |   in|   32|   ap_memory|             A|         array|
|B_address0  |  out|   20|   ap_memory|             B|         array|
|B_ce0       |  out|    1|   ap_memory|             B|         array|
|B_q0        |   in|   32|   ap_memory|             B|         array|
|B_address1  |  out|   20|   ap_memory|             B|         array|
|B_ce1       |  out|    1|   ap_memory|             B|         array|
|B_q1        |   in|   32|   ap_memory|             B|         array|
|alpha       |   in|   32|     ap_none|         alpha|        scalar|
|beta        |   in|   32|     ap_none|          beta|        scalar|
+------------+-----+-----+------------+--------------+--------------+

