

================================================================
== Vitis HLS Report for 'mm'
================================================================
* Date:           Mon Oct 17 22:32:04 2022

* Version:        2020.2.2 (Build 3118627 on Tue Feb  9 05:13:49 MST 2021)
* Project:        mm.prj
* Solution:       solution2 (Vivado IP Flow Target)
* Product family: virtexuplus
* Target device:  xcu50-fsvh2104-2-e


================================================================
== Performance Estimates
================================================================
+ Timing: 
    * Summary: 
    +--------+---------+----------+------------+
    |  Clock |  Target | Estimated| Uncertainty|
    +--------+---------+----------+------------+
    |ap_clk  |  3.33 ns|  2.613 ns|     0.90 ns|
    +--------+---------+----------+------------+

+ Latency: 
    * Summary: 
    +---------+---------+----------+----------+-------+-------+---------+
    |  Latency (cycles) |  Latency (absolute) |    Interval   | Pipeline|
    |   min   |   max   |    min   |    max   |  min  |  max  |   Type  |
    +---------+---------+----------+----------+-------+-------+---------+
    |    67745|    67745|  0.226 ms|  0.226 ms|  67746|  67746|     none|
    +---------+---------+----------+----------+-------+-------+---------+

    + Detail: 
        * Instance: 
        N/A

        * Loop: 
        +-------------------------------+---------+---------+----------+-----------+-----------+------+----------+
        |                               |  Latency (cycles) | Iteration|  Initiation Interval  | Trip |          |
        |           Loop Name           |   min   |   max   |  Latency |  achieved |   target  | Count| Pipelined|
        +-------------------------------+---------+---------+----------+-----------+-----------+------+----------+
        |- OUTER_LOOP                   |    67744|    67744|      2117|          -|          -|    32|        no|
        | + COPY_LOOP_A                 |       32|       32|         2|          1|          1|    32|       yes|
        | + COPY_LOOP_C                 |       37|       37|         7|          1|          1|    32|       yes|
        | + COUNT_LOOP                  |     1996|     1996|       499|          -|          -|     4|        no|
        |  ++ OUTER_LOOP_B_COPY_LOOP_B  |      257|      257|         3|          1|          1|   256|       yes|
        |  ++ INNER_LOOP                |      237|      237|       231|          1|          1|     8|       yes|
        | + COPY_LOOP_STORE             |       32|       32|         2|          1|          1|    32|       yes|
        +-------------------------------+---------+---------+----------+-----------+-----------+------+----------+



================================================================
== Utilization Estimates
================================================================
* Summary: 
+---------------------+---------+------+---------+--------+-----+
|         Name        | BRAM_18K|  DSP |    FF   |   LUT  | URAM|
+---------------------+---------+------+---------+--------+-----+
|DSP                  |        -|     -|        -|       -|    -|
|Expression           |        -|     -|        0|     448|    -|
|FIFO                 |        -|     -|        -|       -|    -|
|Instance             |        -|   160|    14752|    8832|    -|
|Memory               |        0|     -|      160|     229|    -|
|Multiplexer          |        -|     -|        -|    1490|    -|
|Register             |        -|     -|     7833|    1120|    -|
+---------------------+---------+------+---------+--------+-----+
|Total                |        0|   160|    22745|   12119|    0|
+---------------------+---------+------+---------+--------+-----+
|Available SLR        |     1344|  2976|   871680|  435840|  320|
+---------------------+---------+------+---------+--------+-----+
|Utilization SLR (%)  |        0|     5|        2|       2|    0|
+---------------------+---------+------+---------+--------+-----+
|Available            |     2688|  5952|  1743360|  871680|  640|
+---------------------+---------+------+---------+--------+-----+
|Utilization (%)      |        0|     2|        1|       1|    0|
+---------------------+---------+------+---------+--------+-----+

+ Detail: 
    * Instance: 
    +------------------------------------+--------------------------------+---------+----+-----+-----+-----+
    |              Instance              |             Module             | BRAM_18K| DSP|  FF | LUT | URAM|
    +------------------------------------+--------------------------------+---------+----+-----+-----+-----+
    |fadd_32ns_32ns_32_7_full_dsp_1_U1   |fadd_32ns_32ns_32_7_full_dsp_1  |        0|   2|  318|  198|    0|
    |fadd_32ns_32ns_32_7_full_dsp_1_U2   |fadd_32ns_32ns_32_7_full_dsp_1  |        0|   2|  318|  198|    0|
    |fadd_32ns_32ns_32_7_full_dsp_1_U3   |fadd_32ns_32ns_32_7_full_dsp_1  |        0|   2|  318|  198|    0|
    |fadd_32ns_32ns_32_7_full_dsp_1_U4   |fadd_32ns_32ns_32_7_full_dsp_1  |        0|   2|  318|  198|    0|
    |fadd_32ns_32ns_32_7_full_dsp_1_U5   |fadd_32ns_32ns_32_7_full_dsp_1  |        0|   2|  318|  198|    0|
    |fadd_32ns_32ns_32_7_full_dsp_1_U6   |fadd_32ns_32ns_32_7_full_dsp_1  |        0|   2|  318|  198|    0|
    |fadd_32ns_32ns_32_7_full_dsp_1_U7   |fadd_32ns_32ns_32_7_full_dsp_1  |        0|   2|  318|  198|    0|
    |fadd_32ns_32ns_32_7_full_dsp_1_U8   |fadd_32ns_32ns_32_7_full_dsp_1  |        0|   2|  318|  198|    0|
    |fadd_32ns_32ns_32_7_full_dsp_1_U9   |fadd_32ns_32ns_32_7_full_dsp_1  |        0|   2|  318|  198|    0|
    |fadd_32ns_32ns_32_7_full_dsp_1_U10  |fadd_32ns_32ns_32_7_full_dsp_1  |        0|   2|  318|  198|    0|
    |fadd_32ns_32ns_32_7_full_dsp_1_U11  |fadd_32ns_32ns_32_7_full_dsp_1  |        0|   2|  318|  198|    0|
    |fadd_32ns_32ns_32_7_full_dsp_1_U12  |fadd_32ns_32ns_32_7_full_dsp_1  |        0|   2|  318|  198|    0|
    |fadd_32ns_32ns_32_7_full_dsp_1_U13  |fadd_32ns_32ns_32_7_full_dsp_1  |        0|   2|  318|  198|    0|
    |fadd_32ns_32ns_32_7_full_dsp_1_U14  |fadd_32ns_32ns_32_7_full_dsp_1  |        0|   2|  318|  198|    0|
    |fadd_32ns_32ns_32_7_full_dsp_1_U15  |fadd_32ns_32ns_32_7_full_dsp_1  |        0|   2|  318|  198|    0|
    |fadd_32ns_32ns_32_7_full_dsp_1_U16  |fadd_32ns_32ns_32_7_full_dsp_1  |        0|   2|  318|  198|    0|
    |fadd_32ns_32ns_32_7_full_dsp_1_U17  |fadd_32ns_32ns_32_7_full_dsp_1  |        0|   2|  318|  198|    0|
    |fadd_32ns_32ns_32_7_full_dsp_1_U18  |fadd_32ns_32ns_32_7_full_dsp_1  |        0|   2|  318|  198|    0|
    |fadd_32ns_32ns_32_7_full_dsp_1_U19  |fadd_32ns_32ns_32_7_full_dsp_1  |        0|   2|  318|  198|    0|
    |fadd_32ns_32ns_32_7_full_dsp_1_U20  |fadd_32ns_32ns_32_7_full_dsp_1  |        0|   2|  318|  198|    0|
    |fadd_32ns_32ns_32_7_full_dsp_1_U21  |fadd_32ns_32ns_32_7_full_dsp_1  |        0|   2|  318|  198|    0|
    |fadd_32ns_32ns_32_7_full_dsp_1_U22  |fadd_32ns_32ns_32_7_full_dsp_1  |        0|   2|  318|  198|    0|
    |fadd_32ns_32ns_32_7_full_dsp_1_U23  |fadd_32ns_32ns_32_7_full_dsp_1  |        0|   2|  318|  198|    0|
    |fadd_32ns_32ns_32_7_full_dsp_1_U24  |fadd_32ns_32ns_32_7_full_dsp_1  |        0|   2|  318|  198|    0|
    |fadd_32ns_32ns_32_7_full_dsp_1_U25  |fadd_32ns_32ns_32_7_full_dsp_1  |        0|   2|  318|  198|    0|
    |fadd_32ns_32ns_32_7_full_dsp_1_U26  |fadd_32ns_32ns_32_7_full_dsp_1  |        0|   2|  318|  198|    0|
    |fadd_32ns_32ns_32_7_full_dsp_1_U27  |fadd_32ns_32ns_32_7_full_dsp_1  |        0|   2|  318|  198|    0|
    |fadd_32ns_32ns_32_7_full_dsp_1_U28  |fadd_32ns_32ns_32_7_full_dsp_1  |        0|   2|  318|  198|    0|
    |fadd_32ns_32ns_32_7_full_dsp_1_U29  |fadd_32ns_32ns_32_7_full_dsp_1  |        0|   2|  318|  198|    0|
    |fadd_32ns_32ns_32_7_full_dsp_1_U30  |fadd_32ns_32ns_32_7_full_dsp_1  |        0|   2|  318|  198|    0|
    |fadd_32ns_32ns_32_7_full_dsp_1_U31  |fadd_32ns_32ns_32_7_full_dsp_1  |        0|   2|  318|  198|    0|
    |fadd_32ns_32ns_32_7_full_dsp_1_U32  |fadd_32ns_32ns_32_7_full_dsp_1  |        0|   2|  318|  198|    0|
    |fmul_32ns_32ns_32_4_max_dsp_1_U33   |fmul_32ns_32ns_32_4_max_dsp_1   |        0|   3|  143|   78|    0|
    |fmul_32ns_32ns_32_4_max_dsp_1_U34   |fmul_32ns_32ns_32_4_max_dsp_1   |        0|   3|  143|   78|    0|
    |fmul_32ns_32ns_32_4_max_dsp_1_U35   |fmul_32ns_32ns_32_4_max_dsp_1   |        0|   3|  143|   78|    0|
    |fmul_32ns_32ns_32_4_max_dsp_1_U36   |fmul_32ns_32ns_32_4_max_dsp_1   |        0|   3|  143|   78|    0|
    |fmul_32ns_32ns_32_4_max_dsp_1_U37   |fmul_32ns_32ns_32_4_max_dsp_1   |        0|   3|  143|   78|    0|
    |fmul_32ns_32ns_32_4_max_dsp_1_U38   |fmul_32ns_32ns_32_4_max_dsp_1   |        0|   3|  143|   78|    0|
    |fmul_32ns_32ns_32_4_max_dsp_1_U39   |fmul_32ns_32ns_32_4_max_dsp_1   |        0|   3|  143|   78|    0|
    |fmul_32ns_32ns_32_4_max_dsp_1_U40   |fmul_32ns_32ns_32_4_max_dsp_1   |        0|   3|  143|   78|    0|
    |fmul_32ns_32ns_32_4_max_dsp_1_U41   |fmul_32ns_32ns_32_4_max_dsp_1   |        0|   3|  143|   78|    0|
    |fmul_32ns_32ns_32_4_max_dsp_1_U42   |fmul_32ns_32ns_32_4_max_dsp_1   |        0|   3|  143|   78|    0|
    |fmul_32ns_32ns_32_4_max_dsp_1_U43   |fmul_32ns_32ns_32_4_max_dsp_1   |        0|   3|  143|   78|    0|
    |fmul_32ns_32ns_32_4_max_dsp_1_U44   |fmul_32ns_32ns_32_4_max_dsp_1   |        0|   3|  143|   78|    0|
    |fmul_32ns_32ns_32_4_max_dsp_1_U45   |fmul_32ns_32ns_32_4_max_dsp_1   |        0|   3|  143|   78|    0|
    |fmul_32ns_32ns_32_4_max_dsp_1_U46   |fmul_32ns_32ns_32_4_max_dsp_1   |        0|   3|  143|   78|    0|
    |fmul_32ns_32ns_32_4_max_dsp_1_U47   |fmul_32ns_32ns_32_4_max_dsp_1   |        0|   3|  143|   78|    0|
    |fmul_32ns_32ns_32_4_max_dsp_1_U48   |fmul_32ns_32ns_32_4_max_dsp_1   |        0|   3|  143|   78|    0|
    |fmul_32ns_32ns_32_4_max_dsp_1_U49   |fmul_32ns_32ns_32_4_max_dsp_1   |        0|   3|  143|   78|    0|
    |fmul_32ns_32ns_32_4_max_dsp_1_U50   |fmul_32ns_32ns_32_4_max_dsp_1   |        0|   3|  143|   78|    0|
    |fmul_32ns_32ns_32_4_max_dsp_1_U51   |fmul_32ns_32ns_32_4_max_dsp_1   |        0|   3|  143|   78|    0|
    |fmul_32ns_32ns_32_4_max_dsp_1_U52   |fmul_32ns_32ns_32_4_max_dsp_1   |        0|   3|  143|   78|    0|
    |fmul_32ns_32ns_32_4_max_dsp_1_U53   |fmul_32ns_32ns_32_4_max_dsp_1   |        0|   3|  143|   78|    0|
    |fmul_32ns_32ns_32_4_max_dsp_1_U54   |fmul_32ns_32ns_32_4_max_dsp_1   |        0|   3|  143|   78|    0|
    |fmul_32ns_32ns_32_4_max_dsp_1_U55   |fmul_32ns_32ns_32_4_max_dsp_1   |        0|   3|  143|   78|    0|
    |fmul_32ns_32ns_32_4_max_dsp_1_U56   |fmul_32ns_32ns_32_4_max_dsp_1   |        0|   3|  143|   78|    0|
    |fmul_32ns_32ns_32_4_max_dsp_1_U57   |fmul_32ns_32ns_32_4_max_dsp_1   |        0|   3|  143|   78|    0|
    |fmul_32ns_32ns_32_4_max_dsp_1_U58   |fmul_32ns_32ns_32_4_max_dsp_1   |        0|   3|  143|   78|    0|
    |fmul_32ns_32ns_32_4_max_dsp_1_U59   |fmul_32ns_32ns_32_4_max_dsp_1   |        0|   3|  143|   78|    0|
    |fmul_32ns_32ns_32_4_max_dsp_1_U60   |fmul_32ns_32ns_32_4_max_dsp_1   |        0|   3|  143|   78|    0|
    |fmul_32ns_32ns_32_4_max_dsp_1_U61   |fmul_32ns_32ns_32_4_max_dsp_1   |        0|   3|  143|   78|    0|
    |fmul_32ns_32ns_32_4_max_dsp_1_U62   |fmul_32ns_32ns_32_4_max_dsp_1   |        0|   3|  143|   78|    0|
    |fmul_32ns_32ns_32_4_max_dsp_1_U63   |fmul_32ns_32ns_32_4_max_dsp_1   |        0|   3|  143|   78|    0|
    |fmul_32ns_32ns_32_4_max_dsp_1_U64   |fmul_32ns_32ns_32_4_max_dsp_1   |        0|   3|  143|   78|    0|
    +------------------------------------+--------------------------------+---------+----+-----+-----+-----+
    |Total                               |                                |        0| 160|14752| 8832|    0|
    +------------------------------------+--------------------------------+---------+----+-----+-----+-----+

    * DSP: 
    N/A

    * Memory: 
    +------------+----------+---------+----+----+-----+------+-----+------+-------------+
    |   Memory   |  Module  | BRAM_18K| FF | LUT| URAM| Words| Bits| Banks| W*Bits*Banks|
    +------------+----------+---------+----+----+-----+------+-----+------+-------------+
    |A_buff_0_U  |A_buff_0  |        0|  32|  33|    0|    16|   32|     1|          512|
    |A_buff_1_U  |A_buff_0  |        0|  32|  33|    0|    16|   32|     1|          512|
    |B_buff_0_U  |B_buff_0  |        0|  32|  65|    0|   128|   32|     1|         4096|
    |B_buff_1_U  |B_buff_0  |        0|  32|  65|    0|   128|   32|     1|         4096|
    |C_buff_U    |C_buff    |        0|  32|  33|    0|    32|   32|     1|         1024|
    +------------+----------+---------+----+----+-----+------+-----+------+-------------+
    |Total       |          |        0| 160| 229|    0|   320|  160|     5|        10240|
    +------------+----------+---------+----+----+-----+------+-----+------+-------------+

    * FIFO: 
    N/A

    * Expression: 
    +--------------------------+----------+----+---+----+------------+------------+
    |       Variable Name      | Operation| DSP| FF| LUT| Bitwidth P0| Bitwidth P1|
    +--------------------------+----------+----+---+----+------------+------------+
    |add_ln10_fu_1354_p2       |         +|   0|  0|  17|          10|          10|
    |add_ln19_1_fu_1464_p2     |         +|   0|  0|  13|           6|           1|
    |add_ln19_2_fu_1478_p2     |         +|   0|  0|  12|           4|           1|
    |add_ln19_fu_1438_p2       |         +|   0|  0|  16|           9|           1|
    |add_ln22_fu_1532_p2       |         +|   0|  0|  13|           6|           1|
    |add_ln25_1_fu_1516_p2     |         +|   0|  0|  15|           8|           8|
    |add_ln25_fu_1548_p2       |         +|   0|  0|  17|          10|          10|
    |add_ln33_fu_1395_p2       |         +|   0|  0|  13|           6|           1|
    |add_ln36_fu_1411_p2       |         +|   0|  0|  17|          10|          10|
    |add_ln44_fu_1807_p2       |         +|   0|  0|  13|           6|           1|
    |add_ln47_fu_1828_p2       |         +|   0|  0|  17|          10|          10|
    |add_ln69_fu_1314_p2       |         +|   0|  0|  13|           6|           1|
    |add_ln74_fu_1795_p2       |         +|   0|  0|  13|           6|           4|
    |add_ln7_fu_1338_p2        |         +|   0|  0|  13|           6|           1|
    |j_5_fu_1789_p2            |         +|   0|  0|  13|           6|           1|
    |jj_2_fu_1801_p2           |         +|   0|  0|  13|           6|           4|
    |icmp_ln10_fu_1378_p2      |      icmp|   0|  0|   8|           2|           1|
    |icmp_ln19_fu_1444_p2      |      icmp|   0|  0|  11|           9|          10|
    |icmp_ln22_fu_1450_p2      |      icmp|   0|  0|  10|           6|           7|
    |icmp_ln33_fu_1401_p2      |      icmp|   0|  0|  10|           6|           7|
    |icmp_ln44_fu_1813_p2      |      icmp|   0|  0|  10|           6|           7|
    |icmp_ln69_fu_1320_p2      |      icmp|   0|  0|  10|           6|           7|
    |icmp_ln79_fu_1570_p2      |      icmp|   0|  0|  10|           6|           6|
    |icmp_ln7_fu_1344_p2       |      icmp|   0|  0|  10|           6|           7|
    |or_ln59_10_fu_1729_p2     |        or|   0|  0|   7|           7|           4|
    |or_ln59_11_fu_1741_p2     |        or|   0|  0|   7|           7|           4|
    |or_ln59_12_fu_1753_p2     |        or|   0|  0|   7|           7|           4|
    |or_ln59_13_fu_1765_p2     |        or|   0|  0|   7|           7|           4|
    |or_ln59_14_fu_1777_p2     |        or|   0|  0|   7|           7|           4|
    |or_ln59_1_fu_1621_p2      |        or|   0|  0|   7|           7|           2|
    |or_ln59_2_fu_1633_p2      |        or|   0|  0|   7|           7|           2|
    |or_ln59_3_fu_1645_p2      |        or|   0|  0|   7|           7|           3|
    |or_ln59_4_fu_1657_p2      |        or|   0|  0|   7|           7|           3|
    |or_ln59_5_fu_1669_p2      |        or|   0|  0|   7|           7|           3|
    |or_ln59_6_fu_1681_p2      |        or|   0|  0|   7|           7|           3|
    |or_ln59_7_fu_1693_p2      |        or|   0|  0|   7|           7|           4|
    |or_ln59_8_fu_1705_p2      |        or|   0|  0|   7|           7|           4|
    |or_ln59_9_fu_1717_p2      |        or|   0|  0|   7|           7|           4|
    |or_ln59_fu_1609_p2        |        or|   0|  0|   7|           7|           1|
    |select_ln19_1_fu_1470_p3  |    select|   0|  0|   6|           1|           6|
    |select_ln19_2_fu_1484_p3  |    select|   0|  0|   4|           1|           4|
    |select_ln19_fu_1456_p3    |    select|   0|  0|   6|           1|           1|
    |ap_enable_pp0             |       xor|   0|  0|   2|           1|           2|
    |ap_enable_pp1             |       xor|   0|  0|   2|           1|           2|
    |ap_enable_pp2             |       xor|   0|  0|   2|           1|           2|
    |ap_enable_pp3             |       xor|   0|  0|   2|           1|           2|
    |ap_enable_pp4             |       xor|   0|  0|   2|           1|           2|
    |ap_enable_reg_pp0_iter1   |       xor|   0|  0|   2|           2|           1|
    |ap_enable_reg_pp1_iter1   |       xor|   0|  0|   2|           2|           1|
    |ap_enable_reg_pp2_iter1   |       xor|   0|  0|   2|           2|           1|
    |ap_enable_reg_pp3_iter1   |       xor|   0|  0|   2|           2|           1|
    |ap_enable_reg_pp4_iter1   |       xor|   0|  0|   2|           2|           1|
    +--------------------------+----------+----+---+----+------------+------------+
    |Total                     |          |   0|  0| 448|         285|         192|
    +--------------------------+----------+----+---+----+------------+------------+

    * Multiplexer: 
    +--------------------------------------+-----+-----------+-----+-----------+
    |                 Name                 | LUT | Input Size| Bits| Total Bits|
    +--------------------------------------+-----+-----------+-----+-----------+
    |A_buff_0_address0                     |   54|         10|    4|         40|
    |A_buff_0_address1                     |   49|          9|    4|         36|
    |A_buff_1_address0                     |   54|         10|    4|         40|
    |A_buff_1_address1                     |   49|          9|    4|         36|
    |B_buff_0_address0                     |   14|          3|    7|         21|
    |B_buff_1_address0                     |   14|          3|    7|         21|
    |C_address0                            |   14|          3|   10|         30|
    |C_buff_address0                       |   14|          3|    5|         15|
    |C_buff_address1                       |   14|          3|    5|         15|
    |C_buff_d0                             |   14|          3|   32|         96|
    |ap_NS_fsm                             |  129|         26|    1|         26|
    |ap_enable_reg_pp0_iter1               |   14|          3|    1|          3|
    |ap_enable_reg_pp1_iter1               |    9|          2|    1|          2|
    |ap_enable_reg_pp1_iter6               |    9|          2|    1|          2|
    |ap_enable_reg_pp2_iter1               |    9|          2|    1|          2|
    |ap_enable_reg_pp2_iter2               |    9|          2|    1|          2|
    |ap_enable_reg_pp3_iter1               |    9|          2|    1|          2|
    |ap_enable_reg_pp3_iter230             |    9|          2|    1|          2|
    |ap_enable_reg_pp4_iter1               |   14|          3|    1|          3|
    |ap_phi_mux_j_1_phi_fu_956_p4          |    9|          2|    6|         12|
    |ap_phi_mux_j_assign_1_phi_fu_1002_p4  |    9|          2|    6|         12|
    |ap_phi_mux_jj_phi_fu_1013_p4          |    9|          2|    4|          8|
    |grp_fu_1180_p0                        |   31|          6|   32|        192|
    |grp_fu_1180_p1                        |   20|          4|   32|        128|
    |grp_fu_1184_p0                        |   14|          3|   32|         96|
    |grp_fu_1184_p1                        |   14|          3|   32|         96|
    |grp_fu_1188_p0                        |   14|          3|   32|         96|
    |grp_fu_1188_p1                        |   14|          3|   32|         96|
    |grp_fu_1192_p0                        |   14|          3|   32|         96|
    |grp_fu_1192_p1                        |   14|          3|   32|         96|
    |grp_fu_1196_p0                        |   14|          3|   32|         96|
    |grp_fu_1196_p1                        |   14|          3|   32|         96|
    |grp_fu_1200_p0                        |   14|          3|   32|         96|
    |grp_fu_1200_p1                        |   14|          3|   32|         96|
    |grp_fu_1204_p0                        |   14|          3|   32|         96|
    |grp_fu_1204_p1                        |   14|          3|   32|         96|
    |grp_fu_1208_p0                        |   14|          3|   32|         96|
    |grp_fu_1208_p1                        |   14|          3|   32|         96|
    |grp_fu_1212_p0                        |   14|          3|   32|         96|
    |grp_fu_1212_p1                        |   14|          3|   32|         96|
    |grp_fu_1216_p0                        |   14|          3|   32|         96|
    |grp_fu_1216_p1                        |   14|          3|   32|         96|
    |grp_fu_1220_p0                        |   14|          3|   32|         96|
    |grp_fu_1220_p1                        |   14|          3|   32|         96|
    |grp_fu_1224_p0                        |   14|          3|   32|         96|
    |grp_fu_1224_p1                        |   14|          3|   32|         96|
    |grp_fu_1228_p0                        |   14|          3|   32|         96|
    |grp_fu_1228_p1                        |   14|          3|   32|         96|
    |grp_fu_1232_p0                        |   14|          3|   32|         96|
    |grp_fu_1232_p1                        |   14|          3|   32|         96|
    |grp_fu_1236_p0                        |   14|          3|   32|         96|
    |grp_fu_1236_p1                        |   14|          3|   32|         96|
    |grp_fu_1240_p0                        |   14|          3|   32|         96|
    |grp_fu_1240_p1                        |   14|          3|   32|         96|
    |grp_fu_1244_p0                        |   14|          3|   32|         96|
    |grp_fu_1244_p1                        |   14|          3|   32|         96|
    |grp_fu_1248_p0                        |   14|          3|   32|         96|
    |grp_fu_1248_p1                        |   14|          3|   32|         96|
    |grp_fu_1252_p0                        |   14|          3|   32|         96|
    |grp_fu_1252_p1                        |   14|          3|   32|         96|
    |grp_fu_1256_p0                        |   14|          3|   32|         96|
    |grp_fu_1256_p1                        |   14|          3|   32|         96|
    |grp_fu_1260_p0                        |   14|          3|   32|         96|
    |grp_fu_1260_p1                        |   14|          3|   32|         96|
    |grp_fu_1264_p0                        |   14|          3|   32|         96|
    |grp_fu_1264_p1                        |   14|          3|   32|         96|
    |grp_fu_1268_p0                        |   14|          3|   32|         96|
    |grp_fu_1268_p1                        |   14|          3|   32|         96|
    |grp_fu_1272_p0                        |   14|          3|   32|         96|
    |grp_fu_1272_p1                        |   14|          3|   32|         96|
    |grp_fu_1276_p0                        |   14|          3|   32|         96|
    |grp_fu_1276_p1                        |   14|          3|   32|         96|
    |grp_fu_1280_p0                        |   14|          3|   32|         96|
    |grp_fu_1280_p1                        |   14|          3|   32|         96|
    |grp_fu_1284_p0                        |   14|          3|   32|         96|
    |grp_fu_1284_p1                        |   14|          3|   32|         96|
    |grp_fu_1288_p0                        |   14|          3|   32|         96|
    |grp_fu_1288_p1                        |   14|          3|   32|         96|
    |grp_fu_1292_p0                        |   14|          3|   32|         96|
    |grp_fu_1292_p1                        |   14|          3|   32|         96|
    |grp_fu_1296_p0                        |   14|          3|   32|         96|
    |grp_fu_1296_p1                        |   14|          3|   32|         96|
    |i_reg_930                             |    9|          2|    6|         12|
    |indvar_flatten_reg_988                |    9|          2|    9|         18|
    |indvars_iv73_reg_964                  |    9|          2|    6|         12|
    |j_1_reg_952                           |    9|          2|    6|         12|
    |j_3_reg_1041                          |    9|          2|    6|         12|
    |j_4_reg_1031                          |    9|          2|    6|         12|
    |j_6_reg_976                           |    9|          2|    6|         12|
    |j_assign_1_reg_999                    |    9|          2|    6|         12|
    |j_reg_941                             |    9|          2|    6|         12|
    |jj_reg_1009                           |    9|          2|    4|          8|
    |k_reg_1020                            |    9|          2|    6|         12|
    +--------------------------------------+-----+-----------+-----+-----------+
    |Total                                 | 1490|        312| 2094|       6448|
    +--------------------------------------+-----+-----------+-----+-----------+

    * Register: 
    +-------------------------------------+----+----+-----+-----------+
    |                 Name                | FF | LUT| Bits| Const Bits|
    +-------------------------------------+----+----+-----+-----------+
    |A_buff_0_load_10_reg_2204            |  32|   0|   32|          0|
    |A_buff_0_load_11_reg_2209            |  32|   0|   32|          0|
    |A_buff_0_load_12_reg_2224            |  32|   0|   32|          0|
    |A_buff_0_load_13_reg_2229            |  32|   0|   32|          0|
    |A_buff_0_load_14_reg_2244            |  32|   0|   32|          0|
    |A_buff_0_load_15_reg_2249            |  32|   0|   32|          0|
    |A_buff_0_load_1_reg_2109             |  32|   0|   32|          0|
    |A_buff_0_load_2_reg_2124             |  32|   0|   32|          0|
    |A_buff_0_load_3_reg_2129             |  32|   0|   32|          0|
    |A_buff_0_load_4_reg_2144             |  32|   0|   32|          0|
    |A_buff_0_load_5_reg_2149             |  32|   0|   32|          0|
    |A_buff_0_load_6_reg_2164             |  32|   0|   32|          0|
    |A_buff_0_load_7_reg_2169             |  32|   0|   32|          0|
    |A_buff_0_load_8_reg_2184             |  32|   0|   32|          0|
    |A_buff_0_load_9_reg_2189             |  32|   0|   32|          0|
    |A_buff_0_load_reg_2104               |  32|   0|   32|          0|
    |A_buff_1_load_10_reg_2214            |  32|   0|   32|          0|
    |A_buff_1_load_11_reg_2219            |  32|   0|   32|          0|
    |A_buff_1_load_12_reg_2234            |  32|   0|   32|          0|
    |A_buff_1_load_13_reg_2239            |  32|   0|   32|          0|
    |A_buff_1_load_14_reg_2254            |  32|   0|   32|          0|
    |A_buff_1_load_15_reg_2259            |  32|   0|   32|          0|
    |A_buff_1_load_1_reg_2119             |  32|   0|   32|          0|
    |A_buff_1_load_2_reg_2134             |  32|   0|   32|          0|
    |A_buff_1_load_3_reg_2139             |  32|   0|   32|          0|
    |A_buff_1_load_4_reg_2154             |  32|   0|   32|          0|
    |A_buff_1_load_5_reg_2159             |  32|   0|   32|          0|
    |A_buff_1_load_6_reg_2174             |  32|   0|   32|          0|
    |A_buff_1_load_7_reg_2179             |  32|   0|   32|          0|
    |A_buff_1_load_8_reg_2194             |  32|   0|   32|          0|
    |A_buff_1_load_9_reg_2199             |  32|   0|   32|          0|
    |A_buff_1_load_reg_2114               |  32|   0|   32|          0|
    |B_buff_0_load_10_reg_2742            |  32|   0|   32|          0|
    |B_buff_0_load_11_reg_2752            |  32|   0|   32|          0|
    |B_buff_0_load_12_reg_2762            |  32|   0|   32|          0|
    |B_buff_0_load_13_reg_2772            |  32|   0|   32|          0|
    |B_buff_0_load_14_reg_2782            |  32|   0|   32|          0|
    |B_buff_0_load_15_reg_2792            |  32|   0|   32|          0|
    |B_buff_0_load_1_reg_2652             |  32|   0|   32|          0|
    |B_buff_0_load_2_reg_2662             |  32|   0|   32|          0|
    |B_buff_0_load_3_reg_2672             |  32|   0|   32|          0|
    |B_buff_0_load_4_reg_2682             |  32|   0|   32|          0|
    |B_buff_0_load_5_reg_2692             |  32|   0|   32|          0|
    |B_buff_0_load_6_reg_2702             |  32|   0|   32|          0|
    |B_buff_0_load_7_reg_2712             |  32|   0|   32|          0|
    |B_buff_0_load_8_reg_2722             |  32|   0|   32|          0|
    |B_buff_0_load_9_reg_2732             |  32|   0|   32|          0|
    |B_buff_0_load_reg_2642               |  32|   0|   32|          0|
    |B_buff_1_load_10_reg_2747            |  32|   0|   32|          0|
    |B_buff_1_load_11_reg_2757            |  32|   0|   32|          0|
    |B_buff_1_load_12_reg_2767            |  32|   0|   32|          0|
    |B_buff_1_load_13_reg_2777            |  32|   0|   32|          0|
    |B_buff_1_load_14_reg_2787            |  32|   0|   32|          0|
    |B_buff_1_load_15_reg_2797            |  32|   0|   32|          0|
    |B_buff_1_load_1_reg_2657             |  32|   0|   32|          0|
    |B_buff_1_load_2_reg_2667             |  32|   0|   32|          0|
    |B_buff_1_load_3_reg_2677             |  32|   0|   32|          0|
    |B_buff_1_load_4_reg_2687             |  32|   0|   32|          0|
    |B_buff_1_load_5_reg_2697             |  32|   0|   32|          0|
    |B_buff_1_load_6_reg_2707             |  32|   0|   32|          0|
    |B_buff_1_load_7_reg_2717             |  32|   0|   32|          0|
    |B_buff_1_load_8_reg_2727             |  32|   0|   32|          0|
    |B_buff_1_load_9_reg_2737             |  32|   0|   32|          0|
    |B_buff_1_load_reg_2647               |  32|   0|   32|          0|
    |C_buff_addr_2_reg_2471               |   5|   0|    5|          0|
    |C_load_reg_2094                      |  32|   0|   32|          0|
    |add_ln33_reg_2080                    |   6|   0|    6|          0|
    |add_ln47_reg_3151                    |  10|   0|   10|          0|
    |add_ln69_reg_2041                    |   6|   0|    6|          0|
    |ap_CS_fsm                            |  25|   0|   25|          0|
    |ap_enable_reg_pp0_iter0              |   1|   0|    1|          0|
    |ap_enable_reg_pp0_iter1              |   1|   0|    1|          0|
    |ap_enable_reg_pp1_iter0              |   1|   0|    1|          0|
    |ap_enable_reg_pp1_iter1              |   1|   0|    1|          0|
    |ap_enable_reg_pp1_iter2              |   1|   0|    1|          0|
    |ap_enable_reg_pp1_iter3              |   1|   0|    1|          0|
    |ap_enable_reg_pp1_iter4              |   1|   0|    1|          0|
    |ap_enable_reg_pp1_iter5              |   1|   0|    1|          0|
    |ap_enable_reg_pp1_iter6              |   1|   0|    1|          0|
    |ap_enable_reg_pp2_iter0              |   1|   0|    1|          0|
    |ap_enable_reg_pp2_iter1              |   1|   0|    1|          0|
    |ap_enable_reg_pp2_iter2              |   1|   0|    1|          0|
    |ap_enable_reg_pp3_iter0              |   1|   0|    1|          0|
    |ap_enable_reg_pp3_iter1              |   1|   0|    1|          0|
    |ap_enable_reg_pp3_iter10             |   1|   0|    1|          0|
    |ap_enable_reg_pp3_iter100            |   1|   0|    1|          0|
    |ap_enable_reg_pp3_iter101            |   1|   0|    1|          0|
    |ap_enable_reg_pp3_iter102            |   1|   0|    1|          0|
    |ap_enable_reg_pp3_iter103            |   1|   0|    1|          0|
    |ap_enable_reg_pp3_iter104            |   1|   0|    1|          0|
    |ap_enable_reg_pp3_iter105            |   1|   0|    1|          0|
    |ap_enable_reg_pp3_iter106            |   1|   0|    1|          0|
    |ap_enable_reg_pp3_iter107            |   1|   0|    1|          0|
    |ap_enable_reg_pp3_iter108            |   1|   0|    1|          0|
    |ap_enable_reg_pp3_iter109            |   1|   0|    1|          0|
    |ap_enable_reg_pp3_iter11             |   1|   0|    1|          0|
    |ap_enable_reg_pp3_iter110            |   1|   0|    1|          0|
    |ap_enable_reg_pp3_iter111            |   1|   0|    1|          0|
    |ap_enable_reg_pp3_iter112            |   1|   0|    1|          0|
    |ap_enable_reg_pp3_iter113            |   1|   0|    1|          0|
    |ap_enable_reg_pp3_iter114            |   1|   0|    1|          0|
    |ap_enable_reg_pp3_iter115            |   1|   0|    1|          0|
    |ap_enable_reg_pp3_iter116            |   1|   0|    1|          0|
    |ap_enable_reg_pp3_iter117            |   1|   0|    1|          0|
    |ap_enable_reg_pp3_iter118            |   1|   0|    1|          0|
    |ap_enable_reg_pp3_iter119            |   1|   0|    1|          0|
    |ap_enable_reg_pp3_iter12             |   1|   0|    1|          0|
    |ap_enable_reg_pp3_iter120            |   1|   0|    1|          0|
    |ap_enable_reg_pp3_iter121            |   1|   0|    1|          0|
    |ap_enable_reg_pp3_iter122            |   1|   0|    1|          0|
    |ap_enable_reg_pp3_iter123            |   1|   0|    1|          0|
    |ap_enable_reg_pp3_iter124            |   1|   0|    1|          0|
    |ap_enable_reg_pp3_iter125            |   1|   0|    1|          0|
    |ap_enable_reg_pp3_iter126            |   1|   0|    1|          0|
    |ap_enable_reg_pp3_iter127            |   1|   0|    1|          0|
    |ap_enable_reg_pp3_iter128            |   1|   0|    1|          0|
    |ap_enable_reg_pp3_iter129            |   1|   0|    1|          0|
    |ap_enable_reg_pp3_iter13             |   1|   0|    1|          0|
    |ap_enable_reg_pp3_iter130            |   1|   0|    1|          0|
    |ap_enable_reg_pp3_iter131            |   1|   0|    1|          0|
    |ap_enable_reg_pp3_iter132            |   1|   0|    1|          0|
    |ap_enable_reg_pp3_iter133            |   1|   0|    1|          0|
    |ap_enable_reg_pp3_iter134            |   1|   0|    1|          0|
    |ap_enable_reg_pp3_iter135            |   1|   0|    1|          0|
    |ap_enable_reg_pp3_iter136            |   1|   0|    1|          0|
    |ap_enable_reg_pp3_iter137            |   1|   0|    1|          0|
    |ap_enable_reg_pp3_iter138            |   1|   0|    1|          0|
    |ap_enable_reg_pp3_iter139            |   1|   0|    1|          0|
    |ap_enable_reg_pp3_iter14             |   1|   0|    1|          0|
    |ap_enable_reg_pp3_iter140            |   1|   0|    1|          0|
    |ap_enable_reg_pp3_iter141            |   1|   0|    1|          0|
    |ap_enable_reg_pp3_iter142            |   1|   0|    1|          0|
    |ap_enable_reg_pp3_iter143            |   1|   0|    1|          0|
    |ap_enable_reg_pp3_iter144            |   1|   0|    1|          0|
    |ap_enable_reg_pp3_iter145            |   1|   0|    1|          0|
    |ap_enable_reg_pp3_iter146            |   1|   0|    1|          0|
    |ap_enable_reg_pp3_iter147            |   1|   0|    1|          0|
    |ap_enable_reg_pp3_iter148            |   1|   0|    1|          0|
    |ap_enable_reg_pp3_iter149            |   1|   0|    1|          0|
    |ap_enable_reg_pp3_iter15             |   1|   0|    1|          0|
    |ap_enable_reg_pp3_iter150            |   1|   0|    1|          0|
    |ap_enable_reg_pp3_iter151            |   1|   0|    1|          0|
    |ap_enable_reg_pp3_iter152            |   1|   0|    1|          0|
    |ap_enable_reg_pp3_iter153            |   1|   0|    1|          0|
    |ap_enable_reg_pp3_iter154            |   1|   0|    1|          0|
    |ap_enable_reg_pp3_iter155            |   1|   0|    1|          0|
    |ap_enable_reg_pp3_iter156            |   1|   0|    1|          0|
    |ap_enable_reg_pp3_iter157            |   1|   0|    1|          0|
    |ap_enable_reg_pp3_iter158            |   1|   0|    1|          0|
    |ap_enable_reg_pp3_iter159            |   1|   0|    1|          0|
    |ap_enable_reg_pp3_iter16             |   1|   0|    1|          0|
    |ap_enable_reg_pp3_iter160            |   1|   0|    1|          0|
    |ap_enable_reg_pp3_iter161            |   1|   0|    1|          0|
    |ap_enable_reg_pp3_iter162            |   1|   0|    1|          0|
    |ap_enable_reg_pp3_iter163            |   1|   0|    1|          0|
    |ap_enable_reg_pp3_iter164            |   1|   0|    1|          0|
    |ap_enable_reg_pp3_iter165            |   1|   0|    1|          0|
    |ap_enable_reg_pp3_iter166            |   1|   0|    1|          0|
    |ap_enable_reg_pp3_iter167            |   1|   0|    1|          0|
    |ap_enable_reg_pp3_iter168            |   1|   0|    1|          0|
    |ap_enable_reg_pp3_iter169            |   1|   0|    1|          0|
    |ap_enable_reg_pp3_iter17             |   1|   0|    1|          0|
    |ap_enable_reg_pp3_iter170            |   1|   0|    1|          0|
    |ap_enable_reg_pp3_iter171            |   1|   0|    1|          0|
    |ap_enable_reg_pp3_iter172            |   1|   0|    1|          0|
    |ap_enable_reg_pp3_iter173            |   1|   0|    1|          0|
    |ap_enable_reg_pp3_iter174            |   1|   0|    1|          0|
    |ap_enable_reg_pp3_iter175            |   1|   0|    1|          0|
    |ap_enable_reg_pp3_iter176            |   1|   0|    1|          0|
    |ap_enable_reg_pp3_iter177            |   1|   0|    1|          0|
    |ap_enable_reg_pp3_iter178            |   1|   0|    1|          0|
    |ap_enable_reg_pp3_iter179            |   1|   0|    1|          0|
    |ap_enable_reg_pp3_iter18             |   1|   0|    1|          0|
    |ap_enable_reg_pp3_iter180            |   1|   0|    1|          0|
    |ap_enable_reg_pp3_iter181            |   1|   0|    1|          0|
    |ap_enable_reg_pp3_iter182            |   1|   0|    1|          0|
    |ap_enable_reg_pp3_iter183            |   1|   0|    1|          0|
    |ap_enable_reg_pp3_iter184            |   1|   0|    1|          0|
    |ap_enable_reg_pp3_iter185            |   1|   0|    1|          0|
    |ap_enable_reg_pp3_iter186            |   1|   0|    1|          0|
    |ap_enable_reg_pp3_iter187            |   1|   0|    1|          0|
    |ap_enable_reg_pp3_iter188            |   1|   0|    1|          0|
    |ap_enable_reg_pp3_iter189            |   1|   0|    1|          0|
    |ap_enable_reg_pp3_iter19             |   1|   0|    1|          0|
    |ap_enable_reg_pp3_iter190            |   1|   0|    1|          0|
    |ap_enable_reg_pp3_iter191            |   1|   0|    1|          0|
    |ap_enable_reg_pp3_iter192            |   1|   0|    1|          0|
    |ap_enable_reg_pp3_iter193            |   1|   0|    1|          0|
    |ap_enable_reg_pp3_iter194            |   1|   0|    1|          0|
    |ap_enable_reg_pp3_iter195            |   1|   0|    1|          0|
    |ap_enable_reg_pp3_iter196            |   1|   0|    1|          0|
    |ap_enable_reg_pp3_iter197            |   1|   0|    1|          0|
    |ap_enable_reg_pp3_iter198            |   1|   0|    1|          0|
    |ap_enable_reg_pp3_iter199            |   1|   0|    1|          0|
    |ap_enable_reg_pp3_iter2              |   1|   0|    1|          0|
    |ap_enable_reg_pp3_iter20             |   1|   0|    1|          0|
    |ap_enable_reg_pp3_iter200            |   1|   0|    1|          0|
    |ap_enable_reg_pp3_iter201            |   1|   0|    1|          0|
    |ap_enable_reg_pp3_iter202            |   1|   0|    1|          0|
    |ap_enable_reg_pp3_iter203            |   1|   0|    1|          0|
    |ap_enable_reg_pp3_iter204            |   1|   0|    1|          0|
    |ap_enable_reg_pp3_iter205            |   1|   0|    1|          0|
    |ap_enable_reg_pp3_iter206            |   1|   0|    1|          0|
    |ap_enable_reg_pp3_iter207            |   1|   0|    1|          0|
    |ap_enable_reg_pp3_iter208            |   1|   0|    1|          0|
    |ap_enable_reg_pp3_iter209            |   1|   0|    1|          0|
    |ap_enable_reg_pp3_iter21             |   1|   0|    1|          0|
    |ap_enable_reg_pp3_iter210            |   1|   0|    1|          0|
    |ap_enable_reg_pp3_iter211            |   1|   0|    1|          0|
    |ap_enable_reg_pp3_iter212            |   1|   0|    1|          0|
    |ap_enable_reg_pp3_iter213            |   1|   0|    1|          0|
    |ap_enable_reg_pp3_iter214            |   1|   0|    1|          0|
    |ap_enable_reg_pp3_iter215            |   1|   0|    1|          0|
    |ap_enable_reg_pp3_iter216            |   1|   0|    1|          0|
    |ap_enable_reg_pp3_iter217            |   1|   0|    1|          0|
    |ap_enable_reg_pp3_iter218            |   1|   0|    1|          0|
    |ap_enable_reg_pp3_iter219            |   1|   0|    1|          0|
    |ap_enable_reg_pp3_iter22             |   1|   0|    1|          0|
    |ap_enable_reg_pp3_iter220            |   1|   0|    1|          0|
    |ap_enable_reg_pp3_iter221            |   1|   0|    1|          0|
    |ap_enable_reg_pp3_iter222            |   1|   0|    1|          0|
    |ap_enable_reg_pp3_iter223            |   1|   0|    1|          0|
    |ap_enable_reg_pp3_iter224            |   1|   0|    1|          0|
    |ap_enable_reg_pp3_iter225            |   1|   0|    1|          0|
    |ap_enable_reg_pp3_iter226            |   1|   0|    1|          0|
    |ap_enable_reg_pp3_iter227            |   1|   0|    1|          0|
    |ap_enable_reg_pp3_iter228            |   1|   0|    1|          0|
    |ap_enable_reg_pp3_iter229            |   1|   0|    1|          0|
    |ap_enable_reg_pp3_iter23             |   1|   0|    1|          0|
    |ap_enable_reg_pp3_iter230            |   1|   0|    1|          0|
    |ap_enable_reg_pp3_iter24             |   1|   0|    1|          0|
    |ap_enable_reg_pp3_iter25             |   1|   0|    1|          0|
    |ap_enable_reg_pp3_iter26             |   1|   0|    1|          0|
    |ap_enable_reg_pp3_iter27             |   1|   0|    1|          0|
    |ap_enable_reg_pp3_iter28             |   1|   0|    1|          0|
    |ap_enable_reg_pp3_iter29             |   1|   0|    1|          0|
    |ap_enable_reg_pp3_iter3              |   1|   0|    1|          0|
    |ap_enable_reg_pp3_iter30             |   1|   0|    1|          0|
    |ap_enable_reg_pp3_iter31             |   1|   0|    1|          0|
    |ap_enable_reg_pp3_iter32             |   1|   0|    1|          0|
    |ap_enable_reg_pp3_iter33             |   1|   0|    1|          0|
    |ap_enable_reg_pp3_iter34             |   1|   0|    1|          0|
    |ap_enable_reg_pp3_iter35             |   1|   0|    1|          0|
    |ap_enable_reg_pp3_iter36             |   1|   0|    1|          0|
    |ap_enable_reg_pp3_iter37             |   1|   0|    1|          0|
    |ap_enable_reg_pp3_iter38             |   1|   0|    1|          0|
    |ap_enable_reg_pp3_iter39             |   1|   0|    1|          0|
    |ap_enable_reg_pp3_iter4              |   1|   0|    1|          0|
    |ap_enable_reg_pp3_iter40             |   1|   0|    1|          0|
    |ap_enable_reg_pp3_iter41             |   1|   0|    1|          0|
    |ap_enable_reg_pp3_iter42             |   1|   0|    1|          0|
    |ap_enable_reg_pp3_iter43             |   1|   0|    1|          0|
    |ap_enable_reg_pp3_iter44             |   1|   0|    1|          0|
    |ap_enable_reg_pp3_iter45             |   1|   0|    1|          0|
    |ap_enable_reg_pp3_iter46             |   1|   0|    1|          0|
    |ap_enable_reg_pp3_iter47             |   1|   0|    1|          0|
    |ap_enable_reg_pp3_iter48             |   1|   0|    1|          0|
    |ap_enable_reg_pp3_iter49             |   1|   0|    1|          0|
    |ap_enable_reg_pp3_iter5              |   1|   0|    1|          0|
    |ap_enable_reg_pp3_iter50             |   1|   0|    1|          0|
    |ap_enable_reg_pp3_iter51             |   1|   0|    1|          0|
    |ap_enable_reg_pp3_iter52             |   1|   0|    1|          0|
    |ap_enable_reg_pp3_iter53             |   1|   0|    1|          0|
    |ap_enable_reg_pp3_iter54             |   1|   0|    1|          0|
    |ap_enable_reg_pp3_iter55             |   1|   0|    1|          0|
    |ap_enable_reg_pp3_iter56             |   1|   0|    1|          0|
    |ap_enable_reg_pp3_iter57             |   1|   0|    1|          0|
    |ap_enable_reg_pp3_iter58             |   1|   0|    1|          0|
    |ap_enable_reg_pp3_iter59             |   1|   0|    1|          0|
    |ap_enable_reg_pp3_iter6              |   1|   0|    1|          0|
    |ap_enable_reg_pp3_iter60             |   1|   0|    1|          0|
    |ap_enable_reg_pp3_iter61             |   1|   0|    1|          0|
    |ap_enable_reg_pp3_iter62             |   1|   0|    1|          0|
    |ap_enable_reg_pp3_iter63             |   1|   0|    1|          0|
    |ap_enable_reg_pp3_iter64             |   1|   0|    1|          0|
    |ap_enable_reg_pp3_iter65             |   1|   0|    1|          0|
    |ap_enable_reg_pp3_iter66             |   1|   0|    1|          0|
    |ap_enable_reg_pp3_iter67             |   1|   0|    1|          0|
    |ap_enable_reg_pp3_iter68             |   1|   0|    1|          0|
    |ap_enable_reg_pp3_iter69             |   1|   0|    1|          0|
    |ap_enable_reg_pp3_iter7              |   1|   0|    1|          0|
    |ap_enable_reg_pp3_iter70             |   1|   0|    1|          0|
    |ap_enable_reg_pp3_iter71             |   1|   0|    1|          0|
    |ap_enable_reg_pp3_iter72             |   1|   0|    1|          0|
    |ap_enable_reg_pp3_iter73             |   1|   0|    1|          0|
    |ap_enable_reg_pp3_iter74             |   1|   0|    1|          0|
    |ap_enable_reg_pp3_iter75             |   1|   0|    1|          0|
    |ap_enable_reg_pp3_iter76             |   1|   0|    1|          0|
    |ap_enable_reg_pp3_iter77             |   1|   0|    1|          0|
    |ap_enable_reg_pp3_iter78             |   1|   0|    1|          0|
    |ap_enable_reg_pp3_iter79             |   1|   0|    1|          0|
    |ap_enable_reg_pp3_iter8              |   1|   0|    1|          0|
    |ap_enable_reg_pp3_iter80             |   1|   0|    1|          0|
    |ap_enable_reg_pp3_iter81             |   1|   0|    1|          0|
    |ap_enable_reg_pp3_iter82             |   1|   0|    1|          0|
    |ap_enable_reg_pp3_iter83             |   1|   0|    1|          0|
    |ap_enable_reg_pp3_iter84             |   1|   0|    1|          0|
    |ap_enable_reg_pp3_iter85             |   1|   0|    1|          0|
    |ap_enable_reg_pp3_iter86             |   1|   0|    1|          0|
    |ap_enable_reg_pp3_iter87             |   1|   0|    1|          0|
    |ap_enable_reg_pp3_iter88             |   1|   0|    1|          0|
    |ap_enable_reg_pp3_iter89             |   1|   0|    1|          0|
    |ap_enable_reg_pp3_iter9              |   1|   0|    1|          0|
    |ap_enable_reg_pp3_iter90             |   1|   0|    1|          0|
    |ap_enable_reg_pp3_iter91             |   1|   0|    1|          0|
    |ap_enable_reg_pp3_iter92             |   1|   0|    1|          0|
    |ap_enable_reg_pp3_iter93             |   1|   0|    1|          0|
    |ap_enable_reg_pp3_iter94             |   1|   0|    1|          0|
    |ap_enable_reg_pp3_iter95             |   1|   0|    1|          0|
    |ap_enable_reg_pp3_iter96             |   1|   0|    1|          0|
    |ap_enable_reg_pp3_iter97             |   1|   0|    1|          0|
    |ap_enable_reg_pp3_iter98             |   1|   0|    1|          0|
    |ap_enable_reg_pp3_iter99             |   1|   0|    1|          0|
    |ap_enable_reg_pp4_iter0              |   1|   0|    1|          0|
    |ap_enable_reg_pp4_iter1              |   1|   0|    1|          0|
    |c_value_2_10_reg_3022                |  32|   0|   32|          0|
    |c_value_2_11_reg_3027                |  32|   0|   32|          0|
    |c_value_2_12_reg_3032                |  32|   0|   32|          0|
    |c_value_2_13_reg_3037                |  32|   0|   32|          0|
    |c_value_2_14_reg_3042                |  32|   0|   32|          0|
    |c_value_2_15_reg_3047                |  32|   0|   32|          0|
    |c_value_2_16_reg_3052                |  32|   0|   32|          0|
    |c_value_2_17_reg_3057                |  32|   0|   32|          0|
    |c_value_2_18_reg_3062                |  32|   0|   32|          0|
    |c_value_2_19_reg_3067                |  32|   0|   32|          0|
    |c_value_2_1_reg_2972                 |  32|   0|   32|          0|
    |c_value_2_20_reg_3072                |  32|   0|   32|          0|
    |c_value_2_21_reg_3077                |  32|   0|   32|          0|
    |c_value_2_22_reg_3082                |  32|   0|   32|          0|
    |c_value_2_23_reg_3087                |  32|   0|   32|          0|
    |c_value_2_24_reg_3092                |  32|   0|   32|          0|
    |c_value_2_25_reg_3097                |  32|   0|   32|          0|
    |c_value_2_26_reg_3102                |  32|   0|   32|          0|
    |c_value_2_27_reg_3107                |  32|   0|   32|          0|
    |c_value_2_28_reg_3112                |  32|   0|   32|          0|
    |c_value_2_29_reg_3117                |  32|   0|   32|          0|
    |c_value_2_2_reg_2977                 |  32|   0|   32|          0|
    |c_value_2_30_reg_3122                |  32|   0|   32|          0|
    |c_value_2_3_reg_2982                 |  32|   0|   32|          0|
    |c_value_2_4_reg_2987                 |  32|   0|   32|          0|
    |c_value_2_5_reg_2992                 |  32|   0|   32|          0|
    |c_value_2_6_reg_2997                 |  32|   0|   32|          0|
    |c_value_2_7_reg_3002                 |  32|   0|   32|          0|
    |c_value_2_8_reg_3007                 |  32|   0|   32|          0|
    |c_value_2_9_reg_3012                 |  32|   0|   32|          0|
    |c_value_2_reg_2967                   |  32|   0|   32|          0|
    |c_value_2_s_reg_3017                 |  32|   0|   32|          0|
    |c_value_reg_2802                     |  32|   0|   32|          0|
    |i_reg_930                            |   6|   0|    6|          0|
    |icmp_ln10_reg_2076                   |   1|   0|    1|          0|
    |icmp_ln19_reg_2428                   |   1|   0|    1|          0|
    |icmp_ln33_reg_2085                   |   1|   0|    1|          0|
    |icmp_ln44_reg_3142                   |   1|   0|    1|          0|
    |icmp_ln79_reg_2467                   |   1|   0|    1|          0|
    |indvar_flatten_reg_988               |   9|   0|    9|          0|
    |indvars_iv73_reg_964                 |   6|   0|    6|          0|
    |j_1_reg_952                          |   6|   0|    6|          0|
    |j_3_reg_1041                         |   6|   0|    6|          0|
    |j_4_reg_1031                         |   6|   0|    6|          0|
    |j_6_reg_976                          |   6|   0|    6|          0|
    |j_assign_1_reg_999                   |   6|   0|    6|          0|
    |j_reg_941                            |   6|   0|    6|          0|
    |jj_reg_1009                          |   4|   0|    4|          0|
    |k_reg_1020                           |   6|   0|    6|          0|
    |lshr_ln_reg_2452                     |   7|   0|    7|          0|
    |lshr_ln_reg_2452_pp2_iter1_reg       |   7|   0|    7|          0|
    |mul6_i_10_reg_2862                   |  32|   0|   32|          0|
    |mul6_i_11_reg_2867                   |  32|   0|   32|          0|
    |mul6_i_12_reg_2872                   |  32|   0|   32|          0|
    |mul6_i_13_reg_2877                   |  32|   0|   32|          0|
    |mul6_i_14_reg_2882                   |  32|   0|   32|          0|
    |mul6_i_15_reg_2887                   |  32|   0|   32|          0|
    |mul6_i_16_reg_2892                   |  32|   0|   32|          0|
    |mul6_i_17_reg_2897                   |  32|   0|   32|          0|
    |mul6_i_18_reg_2902                   |  32|   0|   32|          0|
    |mul6_i_19_reg_2907                   |  32|   0|   32|          0|
    |mul6_i_1_reg_2812                    |  32|   0|   32|          0|
    |mul6_i_20_reg_2912                   |  32|   0|   32|          0|
    |mul6_i_21_reg_2917                   |  32|   0|   32|          0|
    |mul6_i_22_reg_2922                   |  32|   0|   32|          0|
    |mul6_i_23_reg_2927                   |  32|   0|   32|          0|
    |mul6_i_24_reg_2932                   |  32|   0|   32|          0|
    |mul6_i_25_reg_2937                   |  32|   0|   32|          0|
    |mul6_i_26_reg_2942                   |  32|   0|   32|          0|
    |mul6_i_27_reg_2947                   |  32|   0|   32|          0|
    |mul6_i_28_reg_2952                   |  32|   0|   32|          0|
    |mul6_i_29_reg_2957                   |  32|   0|   32|          0|
    |mul6_i_2_reg_2817                    |  32|   0|   32|          0|
    |mul6_i_30_reg_2962                   |  32|   0|   32|          0|
    |mul6_i_3_reg_2822                    |  32|   0|   32|          0|
    |mul6_i_4_reg_2827                    |  32|   0|   32|          0|
    |mul6_i_5_reg_2832                    |  32|   0|   32|          0|
    |mul6_i_6_reg_2837                    |  32|   0|   32|          0|
    |mul6_i_7_reg_2842                    |  32|   0|   32|          0|
    |mul6_i_8_reg_2847                    |  32|   0|   32|          0|
    |mul6_i_9_reg_2852                    |  32|   0|   32|          0|
    |mul6_i_reg_2807                      |  32|   0|   32|          0|
    |mul6_i_s_reg_2857                    |  32|   0|   32|          0|
    |mul_i_10_reg_2319                    |  32|   0|   32|          0|
    |mul_i_11_reg_2324                    |  32|   0|   32|          0|
    |mul_i_12_reg_2329                    |  32|   0|   32|          0|
    |mul_i_13_reg_2334                    |  32|   0|   32|          0|
    |mul_i_14_reg_2339                    |  32|   0|   32|          0|
    |mul_i_15_reg_2344                    |  32|   0|   32|          0|
    |mul_i_16_reg_2349                    |  32|   0|   32|          0|
    |mul_i_17_reg_2354                    |  32|   0|   32|          0|
    |mul_i_18_reg_2359                    |  32|   0|   32|          0|
    |mul_i_19_reg_2364                    |  32|   0|   32|          0|
    |mul_i_1_reg_2274                     |  32|   0|   32|          0|
    |mul_i_20_reg_2369                    |  32|   0|   32|          0|
    |mul_i_21_reg_2374                    |  32|   0|   32|          0|
    |mul_i_22_reg_2379                    |  32|   0|   32|          0|
    |mul_i_23_reg_2384                    |  32|   0|   32|          0|
    |mul_i_24_reg_2389                    |  32|   0|   32|          0|
    |mul_i_25_reg_2264                    |  32|   0|   32|          0|
    |mul_i_26_reg_2394                    |  32|   0|   32|          0|
    |mul_i_27_reg_2399                    |  32|   0|   32|          0|
    |mul_i_28_reg_2404                    |  32|   0|   32|          0|
    |mul_i_29_reg_2409                    |  32|   0|   32|          0|
    |mul_i_2_reg_2279                     |  32|   0|   32|          0|
    |mul_i_30_reg_2414                    |  32|   0|   32|          0|
    |mul_i_3_reg_2284                     |  32|   0|   32|          0|
    |mul_i_4_reg_2289                     |  32|   0|   32|          0|
    |mul_i_5_reg_2294                     |  32|   0|   32|          0|
    |mul_i_6_reg_2299                     |  32|   0|   32|          0|
    |mul_i_7_reg_2304                     |  32|   0|   32|          0|
    |mul_i_9_reg_2309                     |  32|   0|   32|          0|
    |mul_i_reg_2269                       |  32|   0|   32|          0|
    |mul_i_s_reg_2314                     |  32|   0|   32|          0|
    |reg_1308                             |  32|   0|   32|          0|
    |select_ln19_1_reg_2432               |   6|   0|    6|          0|
    |select_ln19_2_reg_2438               |   4|   0|    4|          0|
    |tmp_1_reg_2050                       |   5|   0|   10|          5|
    |trunc_ln10_reg_2071                  |   4|   0|    4|          0|
    |trunc_ln25_1_reg_2448                |   1|   0|    1|          0|
    |trunc_ln25_1_reg_2448_pp2_iter1_reg  |   1|   0|    1|          0|
    |trunc_ln25_reg_2443                  |   5|   0|    5|          0|
    |C_buff_addr_2_reg_2471               |  64|  32|    5|          0|
    |icmp_ln33_reg_2085                   |  64|  32|    1|          0|
    |icmp_ln79_reg_2467                   |  64|  32|    1|          0|
    |j_1_reg_952                          |  64|  32|    6|          0|
    |mul6_i_10_reg_2862                   |  64|  32|   32|          0|
    |mul6_i_11_reg_2867                   |  64|  32|   32|          0|
    |mul6_i_12_reg_2872                   |  64|  32|   32|          0|
    |mul6_i_13_reg_2877                   |  64|  32|   32|          0|
    |mul6_i_14_reg_2882                   |  64|  32|   32|          0|
    |mul6_i_15_reg_2887                   |  64|  32|   32|          0|
    |mul6_i_16_reg_2892                   |  64|  32|   32|          0|
    |mul6_i_17_reg_2897                   |  64|  32|   32|          0|
    |mul6_i_18_reg_2902                   |  64|  32|   32|          0|
    |mul6_i_19_reg_2907                   |  64|  32|   32|          0|
    |mul6_i_1_reg_2812                    |  64|  32|   32|          0|
    |mul6_i_20_reg_2912                   |  64|  32|   32|          0|
    |mul6_i_21_reg_2917                   |  64|  32|   32|          0|
    |mul6_i_22_reg_2922                   |  64|  32|   32|          0|
    |mul6_i_23_reg_2927                   |  64|  32|   32|          0|
    |mul6_i_24_reg_2932                   |  64|  32|   32|          0|
    |mul6_i_25_reg_2937                   |  64|  32|   32|          0|
    |mul6_i_26_reg_2942                   |  64|  32|   32|          0|
    |mul6_i_27_reg_2947                   |  64|  32|   32|          0|
    |mul6_i_28_reg_2952                   |  64|  32|   32|          0|
    |mul6_i_29_reg_2957                   |  64|  32|   32|          0|
    |mul6_i_2_reg_2817                    |  64|  32|   32|          0|
    |mul6_i_30_reg_2962                   |  64|  32|   32|          0|
    |mul6_i_3_reg_2822                    |  64|  32|   32|          0|
    |mul6_i_4_reg_2827                    |  64|  32|   32|          0|
    |mul6_i_5_reg_2832                    |  64|  32|   32|          0|
    |mul6_i_6_reg_2837                    |  64|  32|   32|          0|
    |mul6_i_7_reg_2842                    |  64|  32|   32|          0|
    |mul6_i_8_reg_2847                    |  64|  32|   32|          0|
    |mul6_i_9_reg_2852                    |  64|  32|   32|          0|
    |mul6_i_s_reg_2857                    |  64|  32|   32|          0|
    +-------------------------------------+----+----+-----+-----------+
    |Total                                |7833|1120| 6603|          5|
    +-------------------------------------+----+----+-----+-----------+



================================================================
== Interface
================================================================
* Summary: 
+------------+-----+-----+------------+--------------+--------------+
|  RTL Ports | Dir | Bits|  Protocol  | Source Object|    C Type    |
+------------+-----+-----+------------+--------------+--------------+
|ap_clk      |   in|    1|  ap_ctrl_hs|            mm|  return value|
|ap_rst      |   in|    1|  ap_ctrl_hs|            mm|  return value|
|ap_start    |   in|    1|  ap_ctrl_hs|            mm|  return value|
|ap_done     |  out|    1|  ap_ctrl_hs|            mm|  return value|
|ap_idle     |  out|    1|  ap_ctrl_hs|            mm|  return value|
|ap_ready    |  out|    1|  ap_ctrl_hs|            mm|  return value|
|C_address0  |  out|   10|   ap_memory|             C|         array|
|C_ce0       |  out|    1|   ap_memory|             C|         array|
|C_we0       |  out|    1|   ap_memory|             C|         array|
|C_d0        |  out|   32|   ap_memory|             C|         array|
|C_q0        |   in|   32|   ap_memory|             C|         array|
|A_address0  |  out|   10|   ap_memory|             A|         array|
|A_ce0       |  out|    1|   ap_memory|             A|         array|
|A_q0        |   in|   32|   ap_memory|             A|         array|
|B_address0  |  out|   10|   ap_memory|             B|         array|
|B_ce0       |  out|    1|   ap_memory|             B|         array|
|B_q0        |   in|   32|   ap_memory|             B|         array|
|alpha       |   in|   32|     ap_none|         alpha|        scalar|
|beta        |   in|   32|     ap_none|          beta|        scalar|
+------------+-----+-----+------------+--------------+--------------+

