Vivado Simulator v2020.2.2
Copyright 1986-1999, 2001-2021 Xilinx, Inc. All Rights Reserved.
Running: /cvmfs/rcg.sfu.ca/sw/env/neutral/x86_64/TOOLS/XILINX/V2020.2/Vivado/2020.2/bin/unwrapped/lnx64.o/xelab xil_defaultlib.apatb_mm_top glbl -prj mm.prj -L smartconnect_v1_0 -L axi_protocol_checker_v1_1_12 -L axi_protocol_checker_v1_1_13 -L axis_protocol_checker_v1_1_11 -L axis_protocol_checker_v1_1_12 -L xil_defaultlib -L unisims_ver -L xpm -L floating_point_v7_0_18 -L floating_point_v7_1_11 --lib ieee_proposed=./ieee_proposed -s mm 
Multi-threading is on. Using 18 slave threads.
Determining compilation order of HDL files.
WARNING: [XSIM 43-3431] One or more environment variables have been detected which affect the operation of the C compiler. These are typically not set in standard installations and are not tested by Xilinx, however they may be appropriate for your system, so the flow will attempt to continue.  If errors occur, try running xelab with the "-mt off -v 1" switches to see more information from the C compiler. The following environment variables have been detected:
INFO: [VRFC 10-2263] Analyzing SystemVerilog file "/local-scratch/localhome/msa325/lab3/mm.prj/solution2/sim/verilog/ip/xil_defaultlib/mm_ap_fmul_2_max_dsp_32.v" into library xil_defaultlib
INFO: [VRFC 10-311] analyzing module mm_ap_fmul_2_max_dsp_32
INFO: [VRFC 10-2263] Analyzing SystemVerilog file "/local-scratch/localhome/msa325/lab3/mm.prj/solution2/sim/verilog/ip/xil_defaultlib/mm_ap_fadd_5_full_dsp_32.v" into library xil_defaultlib
INFO: [VRFC 10-311] analyzing module mm_ap_fadd_5_full_dsp_32
INFO: [VRFC 10-2263] Analyzing SystemVerilog file "/local-scratch/localhome/msa325/lab3/mm.prj/solution2/sim/verilog/glbl.v" into library work
INFO: [VRFC 10-311] analyzing module glbl
INFO: [VRFC 10-2263] Analyzing SystemVerilog file "/local-scratch/localhome/msa325/lab3/mm.prj/solution2/sim/verilog/AESL_FPSim_pkg.v" into library xil_defaultlib
INFO: [VRFC 10-311] analyzing module ACMP_fadd_comb
INFO: [VRFC 10-311] analyzing module ACMP_fadd
INFO: [VRFC 10-311] analyzing module ACMP_fsub_comb
INFO: [VRFC 10-311] analyzing module ACMP_fsub
INFO: [VRFC 10-311] analyzing module ACMP_faddfsub_comb
INFO: [VRFC 10-311] analyzing module ACMP_faddfsub
INFO: [VRFC 10-311] analyzing module ACMP_fmul_comb
INFO: [VRFC 10-311] analyzing module ACMP_fmul
INFO: [VRFC 10-311] analyzing module ACMP_fdiv_comb
INFO: [VRFC 10-311] analyzing module ACMP_fdiv
INFO: [VRFC 10-311] analyzing module ACMP_fsqrt_comb
INFO: [VRFC 10-311] analyzing module ACMP_fsqrt
INFO: [VRFC 10-311] analyzing module ACMP_frsqrt_comb
INFO: [VRFC 10-311] analyzing module ACMP_frsqrt
INFO: [VRFC 10-311] analyzing module ACMP_frecip_comb
INFO: [VRFC 10-311] analyzing module ACMP_frecip
INFO: [VRFC 10-311] analyzing module ACMP_flog_comb
INFO: [VRFC 10-311] analyzing module ACMP_flog
INFO: [VRFC 10-311] analyzing module ACMP_fexp_comb
INFO: [VRFC 10-311] analyzing module ACMP_fexp
INFO: [VRFC 10-311] analyzing module ACMP_dadd_comb
INFO: [VRFC 10-311] analyzing module ACMP_dadd
INFO: [VRFC 10-311] analyzing module ACMP_dsub_comb
INFO: [VRFC 10-311] analyzing module ACMP_dsub
INFO: [VRFC 10-311] analyzing module ACMP_dadddsub_comb
INFO: [VRFC 10-311] analyzing module ACMP_dadddsub
INFO: [VRFC 10-311] analyzing module ACMP_dmul_comb
INFO: [VRFC 10-311] analyzing module ACMP_dmul
INFO: [VRFC 10-311] analyzing module ACMP_ddiv_comb
INFO: [VRFC 10-311] analyzing module ACMP_ddiv
INFO: [VRFC 10-311] analyzing module ACMP_dsqrt_comb
INFO: [VRFC 10-311] analyzing module ACMP_dsqrt
INFO: [VRFC 10-311] analyzing module ACMP_drsqrt_comb
INFO: [VRFC 10-311] analyzing module ACMP_drsqrt
INFO: [VRFC 10-311] analyzing module ACMP_drecip_comb
INFO: [VRFC 10-311] analyzing module ACMP_drecip
INFO: [VRFC 10-311] analyzing module ACMP_dlog_comb
INFO: [VRFC 10-311] analyzing module ACMP_dlog
INFO: [VRFC 10-311] analyzing module ACMP_dexp_comb
INFO: [VRFC 10-311] analyzing module ACMP_dexp
INFO: [VRFC 10-311] analyzing module ACMP_fcmp_comb
INFO: [VRFC 10-311] analyzing module ACMP_fcmp
INFO: [VRFC 10-311] analyzing module ACMP_dcmp_comb
INFO: [VRFC 10-311] analyzing module ACMP_dcmp
INFO: [VRFC 10-311] analyzing module ACMP_fptosi_comb
INFO: [VRFC 10-311] analyzing module ACMP_fptosi
INFO: [VRFC 10-311] analyzing module ACMP_dptosi_comb
INFO: [VRFC 10-311] analyzing module ACMP_dptosi
INFO: [VRFC 10-311] analyzing module ACMP_sitofp_comb
INFO: [VRFC 10-311] analyzing module ACMP_sitofp
INFO: [VRFC 10-311] analyzing module ACMP_sitodp_comb
INFO: [VRFC 10-311] analyzing module ACMP_sitodp
INFO: [VRFC 10-311] analyzing module ACMP_fptoui_comb
INFO: [VRFC 10-311] analyzing module ACMP_fptoui
INFO: [VRFC 10-311] analyzing module ACMP_dptoui_comb
INFO: [VRFC 10-311] analyzing module ACMP_dptoui
INFO: [VRFC 10-311] analyzing module ACMP_uitofp_comb
INFO: [VRFC 10-311] analyzing module ACMP_uitofp
INFO: [VRFC 10-311] analyzing module ACMP_uitodp_comb
INFO: [VRFC 10-311] analyzing module ACMP_uitodp
INFO: [VRFC 10-311] analyzing module ACMP_fpext_comb
INFO: [VRFC 10-311] analyzing module ACMP_fpext
INFO: [VRFC 10-311] analyzing module ACMP_fptrunc_comb
INFO: [VRFC 10-311] analyzing module ACMP_fptrunc
INFO: [VRFC 10-2263] Analyzing SystemVerilog file "/local-scratch/localhome/msa325/lab3/mm.prj/solution2/sim/verilog/mm_C_buff.v" into library xil_defaultlib
INFO: [VRFC 10-311] analyzing module mm_C_buff_ram
INFO: [VRFC 10-311] analyzing module mm_C_buff
INFO: [VRFC 10-2263] Analyzing SystemVerilog file "/local-scratch/localhome/msa325/lab3/mm.prj/solution2/sim/verilog/AESL_automem_A.v" into library xil_defaultlib
INFO: [VRFC 10-311] analyzing module AESL_automem_A
INFO: [VRFC 10-2263] Analyzing SystemVerilog file "/local-scratch/localhome/msa325/lab3/mm.prj/solution2/sim/verilog/mm.autotb.v" into library xil_defaultlib
INFO: [VRFC 10-311] analyzing module apatb_mm_top
INFO: [VRFC 10-2263] Analyzing SystemVerilog file "/local-scratch/localhome/msa325/lab3/mm.prj/solution2/sim/verilog/mm_fmul_32ns_32ns_32_4_max_dsp_1.v" into library xil_defaultlib
INFO: [VRFC 10-311] analyzing module mm_fmul_32ns_32ns_32_4_max_dsp_1
INFO: [VRFC 10-2263] Analyzing SystemVerilog file "/local-scratch/localhome/msa325/lab3/mm.prj/solution2/sim/verilog/mm_fadd_32ns_32ns_32_7_full_dsp_1.v" into library xil_defaultlib
INFO: [VRFC 10-311] analyzing module mm_fadd_32ns_32ns_32_7_full_dsp_1
INFO: [VRFC 10-2263] Analyzing SystemVerilog file "/local-scratch/localhome/msa325/lab3/mm.prj/solution2/sim/verilog/AESL_automem_B.v" into library xil_defaultlib
INFO: [VRFC 10-311] analyzing module AESL_automem_B
INFO: [VRFC 10-2263] Analyzing SystemVerilog file "/local-scratch/localhome/msa325/lab3/mm.prj/solution2/sim/verilog/AESL_automem_C.v" into library xil_defaultlib
INFO: [VRFC 10-311] analyzing module AESL_automem_C
INFO: [VRFC 10-2263] Analyzing SystemVerilog file "/local-scratch/localhome/msa325/lab3/mm.prj/solution2/sim/verilog/mm_A_buff.v" into library xil_defaultlib
INFO: [VRFC 10-311] analyzing module mm_A_buff_ram
INFO: [VRFC 10-311] analyzing module mm_A_buff
INFO: [VRFC 10-2263] Analyzing SystemVerilog file "/local-scratch/localhome/msa325/lab3/mm.prj/solution2/sim/verilog/mm.v" into library xil_defaultlib
INFO: [VRFC 10-311] analyzing module mm
INFO: [VRFC 10-2263] Analyzing SystemVerilog file "/local-scratch/localhome/msa325/lab3/mm.prj/solution2/sim/verilog/df_fifo_interface.sv" into library xil_defaultlib
INFO: [VRFC 10-2263] Analyzing SystemVerilog file "/local-scratch/localhome/msa325/lab3/mm.prj/solution2/sim/verilog/df_fifo_monitor.sv" into library xil_defaultlib
WARNING: [VRFC 10-3609] overwriting previous definition of interface 'df_fifo_intf' [df_fifo_interface.sv:4]
INFO: [VRFC 10-2263] Analyzing SystemVerilog file "/local-scratch/localhome/msa325/lab3/mm.prj/solution2/sim/verilog/sample_manager.sv" into library xil_defaultlib
INFO: [VRFC 10-2263] Analyzing SystemVerilog file "/local-scratch/localhome/msa325/lab3/mm.prj/solution2/sim/verilog/dump_file_agent.sv" into library xil_defaultlib
INFO: [VRFC 10-2263] Analyzing SystemVerilog file "/local-scratch/localhome/msa325/lab3/mm.prj/solution2/sim/verilog/csv_file_dump.sv" into library xil_defaultlib
INFO: [VRFC 10-2263] Analyzing SystemVerilog file "/local-scratch/localhome/msa325/lab3/mm.prj/solution2/sim/verilog/sample_agent.sv" into library xil_defaultlib
INFO: [VRFC 10-2263] Analyzing SystemVerilog file "/local-scratch/localhome/msa325/lab3/mm.prj/solution2/sim/verilog/nodf_module_monitor.sv" into library xil_defaultlib
INFO: [VRFC 10-2263] Analyzing SystemVerilog file "/local-scratch/localhome/msa325/lab3/mm.prj/solution2/sim/verilog/nodf_module_interface.sv" into library xil_defaultlib
WARNING: [VRFC 10-3609] overwriting previous definition of interface 'nodf_module_intf' [/local-scratch/localhome/msa325/lab3/mm.prj/solution2/sim/verilog/nodf_module_interface.sv:4]
INFO: [VRFC 10-2263] Analyzing SystemVerilog file "/local-scratch/localhome/msa325/lab3/mm.prj/solution2/sim/verilog/df_process_interface.sv" into library xil_defaultlib
INFO: [VRFC 10-2263] Analyzing SystemVerilog file "/local-scratch/localhome/msa325/lab3/mm.prj/solution2/sim/verilog/dataflow_monitor.sv" into library xil_defaultlib
WARNING: [VRFC 10-3609] overwriting previous definition of interface 'df_fifo_intf' [df_fifo_interface.sv:4]
WARNING: [VRFC 10-3609] overwriting previous definition of interface 'df_process_intf' [df_process_interface.sv:4]
WARNING: [VRFC 10-3609] overwriting previous definition of interface 'nodf_module_intf' [/local-scratch/localhome/msa325/lab3/mm.prj/solution2/sim/verilog/nodf_module_interface.sv:4]
INFO: [VRFC 10-311] analyzing module dataflow_monitor
INFO: [VRFC 10-2263] Analyzing SystemVerilog file "/local-scratch/localhome/msa325/lab3/mm.prj/solution2/sim/verilog/df_process_monitor.sv" into library xil_defaultlib
WARNING: [VRFC 10-3609] overwriting previous definition of interface 'df_process_intf' [df_process_interface.sv:4]
INFO: [VRFC 10-163] Analyzing VHDL file "/local-scratch/localhome/msa325/lab3/mm.prj/solution2/sim/verilog/ieee_FP_pkg/fixed_float_types_c.vhd" into library ieee_proposed
INFO: [VRFC 10-163] Analyzing VHDL file "/local-scratch/localhome/msa325/lab3/mm.prj/solution2/sim/verilog/ieee_FP_pkg/fixed_pkg_c.vhd" into library ieee_proposed
INFO: [VRFC 10-163] Analyzing VHDL file "/local-scratch/localhome/msa325/lab3/mm.prj/solution2/sim/verilog/ieee_FP_pkg/float_pkg_c.vhd" into library ieee_proposed
INFO: [VRFC 10-163] Analyzing VHDL file "/local-scratch/localhome/msa325/lab3/mm.prj/solution2/sim/verilog/ieee_FP_pkg/aesl_fp_wrapper.vhd" into library ieee_proposed
INFO: [VRFC 10-3107] analyzing entity 'AESL_WP_FAdd'
INFO: [VRFC 10-3107] analyzing entity 'AESL_WP_FSub'
INFO: [VRFC 10-3107] analyzing entity 'AESL_WP_FAddFSub'
INFO: [VRFC 10-3107] analyzing entity 'AESL_WP_FMul'
INFO: [VRFC 10-3107] analyzing entity 'AESL_WP_FDiv'
INFO: [VRFC 10-3107] analyzing entity 'AESL_WP_FSqrt'
INFO: [VRFC 10-3107] analyzing entity 'AESL_WP_FRSqrt'
INFO: [VRFC 10-3107] analyzing entity 'AESL_WP_FRecip'
INFO: [VRFC 10-3107] analyzing entity 'AESL_WP_FLog'
INFO: [VRFC 10-3107] analyzing entity 'AESL_WP_FExp'
INFO: [VRFC 10-3107] analyzing entity 'AESL_WP_DAdd'
INFO: [VRFC 10-3107] analyzing entity 'AESL_WP_DSub'
INFO: [VRFC 10-3107] analyzing entity 'AESL_WP_DAddDSub'
INFO: [VRFC 10-3107] analyzing entity 'AESL_WP_DMul'
INFO: [VRFC 10-3107] analyzing entity 'AESL_WP_DDiv'
INFO: [VRFC 10-3107] analyzing entity 'AESL_WP_DSqrt'
INFO: [VRFC 10-3107] analyzing entity 'AESL_WP_DRSqrt'
INFO: [VRFC 10-3107] analyzing entity 'AESL_WP_DRecip'
INFO: [VRFC 10-3107] analyzing entity 'AESL_WP_DLog'
INFO: [VRFC 10-3107] analyzing entity 'AESL_WP_DExp'
INFO: [VRFC 10-3107] analyzing entity 'AESL_WP_FCmp'
INFO: [VRFC 10-3107] analyzing entity 'AESL_WP_DCmp'
INFO: [VRFC 10-3107] analyzing entity 'AESL_WP_SPToSI'
INFO: [VRFC 10-3107] analyzing entity 'AESL_WP_DPToSI'
INFO: [VRFC 10-3107] analyzing entity 'AESL_WP_SIToSP'
INFO: [VRFC 10-3107] analyzing entity 'AESL_WP_SIToDP'
INFO: [VRFC 10-3107] analyzing entity 'AESL_WP_SPToUI'
INFO: [VRFC 10-3107] analyzing entity 'AESL_WP_DPToUI'
INFO: [VRFC 10-3107] analyzing entity 'AESL_WP_UIToSP'
INFO: [VRFC 10-3107] analyzing entity 'AESL_WP_UIToDP'
INFO: [VRFC 10-3107] analyzing entity 'AESL_WP_SPToDP'
INFO: [VRFC 10-3107] analyzing entity 'AESL_WP_DPToSP'
Starting static elaboration
Pass Through NonSizing Optimizer
Completed static elaboration
Starting simulation data flow analysis
Completed simulation data flow analysis
Time Resolution for simulation is 1ps
Compiling package std.standard
Compiling package std.textio
Compiling package ieee.std_logic_1164
Compiling package floating_point_v7_1_11.floating_point_v7_1_11_viv_comp
Compiling package ieee.numeric_std
Compiling package xbip_utils_v3_0_10.xbip_utils_v3_0_10_pkg
Compiling package axi_utils_v2_0_6.axi_utils_v2_0_6_pkg
Compiling package floating_point_v7_1_11.floating_point_v7_1_11_consts
Compiling package ieee.math_real
Compiling package floating_point_v7_1_11.floating_point_v7_1_11_exp_table...
Compiling package mult_gen_v12_0_16.mult_gen_v12_0_16_pkg
Compiling package ieee.std_logic_arith
Compiling package ieee.std_logic_signed
Compiling package floating_point_v7_1_11.floating_point_v7_1_11_pkg
Compiling package floating_point_v7_1_11.flt_utils
Compiling package xbip_pipe_v3_0_6.xbip_pipe_v3_0_6_viv_comp
Compiling package unisim.vcomponents
Compiling package ieee.vital_timing
Compiling package ieee.vital_primitives
Compiling package unisim.vpkg
Compiling package xil_defaultlib.$unit_dataflow_monitor_sv
Compiling module xil_defaultlib.mm_A_buff_ram
Compiling module xil_defaultlib.mm_A_buff(DataWidth=32,AddressRa...
Compiling module xil_defaultlib.mm_C_buff_ram
Compiling module xil_defaultlib.mm_C_buff(DataWidth=32,AddressRa...
Compiling architecture muxcy_v of entity unisim.MUXCY [muxcy_default]
Compiling architecture synth of entity xbip_pipe_v3_0_6.xbip_pipe_v3_0_6_viv [\xbip_pipe_v3_0_6_viv(c_has_ce=1...]
Compiling architecture rtl of entity floating_point_v7_1_11.delay [\delay(width=7,length=0)\]
Compiling architecture struct of entity floating_point_v7_1_11.carry_chain [\carry_chain(c_xdevicefamily="vi...]
Compiling architecture synth of entity floating_point_v7_1_11.compare_eq_im [\compare_eq_im(c_xdevicefamily="...]
Compiling architecture xorcy_v of entity unisim.XORCY [xorcy_default]
Compiling architecture struct of entity floating_point_v7_1_11.carry_chain [\carry_chain(c_xdevicefamily="vi...]
Compiling architecture synth of entity xbip_pipe_v3_0_6.xbip_pipe_v3_0_6_viv [\xbip_pipe_v3_0_6_viv(c_has_ce=1...]
Compiling architecture rtl of entity floating_point_v7_1_11.delay [\delay(length=0)\]
Compiling architecture synth of entity xbip_pipe_v3_0_6.xbip_pipe_v3_0_6_viv [\xbip_pipe_v3_0_6_viv(c_latency=...]
Compiling architecture rtl of entity floating_point_v7_1_11.delay [\delay(width=24,fast_input=true)...]
Compiling architecture synth of entity xbip_pipe_v3_0_6.xbip_pipe_v3_0_6_viv [\xbip_pipe_v3_0_6_viv(c_has_ce=1...]
Compiling architecture rtl of entity floating_point_v7_1_11.delay [\delay(width=16,length=0)\]
Compiling architecture synth of entity xbip_pipe_v3_0_6.xbip_pipe_v3_0_6_viv [\xbip_pipe_v3_0_6_viv(c_latency=...]
Compiling architecture rtl of entity floating_point_v7_1_11.delay [delay_default]
Compiling architecture dsp48e1_v of entity unisim.DSP48E1 [\DSP48E1(acascreg=0,alumodereg=0...]
Compiling architecture synth of entity xbip_pipe_v3_0_6.xbip_pipe_v3_0_6_viv [\xbip_pipe_v3_0_6_viv(c_has_ce=1...]
Compiling architecture rtl of entity floating_point_v7_1_11.delay [\delay(width=4,length=0)\]
Compiling architecture synth of entity xbip_pipe_v3_0_6.xbip_pipe_v3_0_6_viv [\xbip_pipe_v3_0_6_viv(c_has_ce=1...]
Compiling architecture rtl of entity floating_point_v7_1_11.delay [\delay(width=48,length=0)\]
Compiling architecture synth of entity xbip_pipe_v3_0_6.xbip_pipe_v3_0_6_viv [\xbip_pipe_v3_0_6_viv(c_has_ce=1...]
Compiling architecture rtl of entity floating_point_v7_1_11.delay [\delay(width=24,length=0)\]
Compiling architecture rtl of entity floating_point_v7_1_11.dsp48e1_wrapper [\dsp48e1_wrapper(c_part="xcu50-f...]
Compiling architecture synth of entity xbip_pipe_v3_0_6.xbip_pipe_v3_0_6_viv [\xbip_pipe_v3_0_6_viv(c_latency=...]
Compiling architecture rtl of entity floating_point_v7_1_11.delay [\delay(length=2)\]
Compiling architecture synth of entity xbip_pipe_v3_0_6.xbip_pipe_v3_0_6_viv [\xbip_pipe_v3_0_6_viv(c_latency=...]
Compiling architecture rtl of entity floating_point_v7_1_11.delay [\delay(width=13)\]
Compiling architecture synth of entity xbip_pipe_v3_0_6.xbip_pipe_v3_0_6_viv [\xbip_pipe_v3_0_6_viv(c_latency=...]
Compiling architecture rtl of entity floating_point_v7_1_11.delay [\delay(width=27)\]
Compiling architecture synth of entity floating_point_v7_1_11.align_add_dsp48e1_sgl [\align_add_dsp48e1_sgl(c_xdevice...]
Compiling architecture lut5_v of entity unisim.LUT5 [\LUT5(init="00000000000000001111...]
Compiling architecture lut5_v of entity unisim.LUT5 [\LUT5(init="00000000000000000000...]
Compiling architecture synth of entity xbip_pipe_v3_0_6.xbip_pipe_v3_0_6_viv [\xbip_pipe_v3_0_6_viv(c_has_ce=1...]
Compiling architecture rtl of entity floating_point_v7_1_11.delay [\delay(width=27,length=0)\]
Compiling architecture synth of entity xbip_pipe_v3_0_6.xbip_pipe_v3_0_6_viv [\xbip_pipe_v3_0_6_viv(c_has_ce=1...]
Compiling architecture rtl of entity floating_point_v7_1_11.delay [\delay(width=5,length=0)\]
Compiling architecture rtl of entity floating_point_v7_1_11.lead_zero_encode_shift [\lead_zero_encode_shift(ab_fw=24...]
Compiling architecture synth of entity xbip_pipe_v3_0_6.xbip_pipe_v3_0_6_viv [\xbip_pipe_v3_0_6_viv(c_has_ce=1...]
Compiling architecture rtl of entity floating_point_v7_1_11.delay [\delay(width=3,length=0)\]
Compiling architecture lut6_v of entity unisim.LUT6 [\LUT6(init="11111110010101001011...]
Compiling architecture lut5_v of entity unisim.LUT5 [\LUT5(init="00010001010111110000...]
Compiling architecture lut5_v of entity unisim.LUT5 [\LUT5(init="11101110101000001111...]
Compiling architecture synth of entity xbip_pipe_v3_0_6.xbip_pipe_v3_0_6_viv [\xbip_pipe_v3_0_6_viv(c_latency=...]
Compiling architecture rtl of entity floating_point_v7_1_11.delay [\delay(width=2)\]
Compiling architecture dsp48e1_v of entity unisim.DSP48E1 [\DSP48E1(adreg=0,alumodereg=0,ca...]
Compiling architecture synth of entity xbip_pipe_v3_0_6.xbip_pipe_v3_0_6_viv [\xbip_pipe_v3_0_6_viv(c_has_ce=1...]
Compiling architecture rtl of entity floating_point_v7_1_11.delay [\delay(width=25,length=0)\]
Compiling architecture rtl of entity floating_point_v7_1_11.dsp48e1_wrapper [\dsp48e1_wrapper(a_width=24,c_wi...]
Compiling architecture rtl of entity floating_point_v7_1_11.norm_and_round_dsp48e1_sgl [\norm_and_round_dsp48e1_sgl(c_mu...]
Compiling architecture lut5_v of entity unisim.LUT5 [\LUT5(init="10011001100110011001...]
Compiling architecture lut5_v of entity unisim.LUT5 [\LUT5(init="11111111000000001111...]
Compiling architecture synth of entity xbip_pipe_v3_0_6.xbip_pipe_v3_0_6_viv [\xbip_pipe_v3_0_6_viv(c_has_ce=1...]
Compiling architecture rtl of entity floating_point_v7_1_11.delay [\delay(width=9,length=0)\]
Compiling architecture struct of entity floating_point_v7_1_11.carry_chain [\carry_chain(c_xdevicefamily="vi...]
Compiling architecture synth of entity xbip_pipe_v3_0_6.xbip_pipe_v3_0_6_viv [\xbip_pipe_v3_0_6_viv(c_has_ce=1...]
Compiling architecture rtl of entity floating_point_v7_1_11.delay [\delay(width=8,length=0)\]
Compiling architecture synth of entity xbip_pipe_v3_0_6.xbip_pipe_v3_0_6_viv [\xbip_pipe_v3_0_6_viv(c_latency=...]
Compiling architecture rtl of entity floating_point_v7_1_11.delay [\delay(width=9,length=2)\]
Compiling architecture synth of entity xbip_pipe_v3_0_6.xbip_pipe_v3_0_6_viv [\xbip_pipe_v3_0_6_viv(c_latency=...]
Compiling architecture rtl of entity floating_point_v7_1_11.delay [\delay(width=10)\]
Compiling architecture synth of entity xbip_pipe_v3_0_6.xbip_pipe_v3_0_6_viv [\xbip_pipe_v3_0_6_viv(c_has_ce=1...]
Compiling architecture rtl of entity floating_point_v7_1_11.delay [\delay(width=4,length=0,fast_inp...]
Compiling architecture fdre_v of entity unisim.FDRE [fdre_default]
Compiling architecture fde_v of entity unisim.FDE [fde_default]
Compiling architecture struct of entity floating_point_v7_1_11.carry_chain [\carry_chain(c_xdevicefamily="vi...]
Compiling architecture synth of entity floating_point_v7_1_11.compare_eq_im [\compare_eq_im(c_xdevicefamily="...]
Compiling architecture synth of entity xbip_pipe_v3_0_6.xbip_pipe_v3_0_6_viv [\xbip_pipe_v3_0_6_viv(c_latency=...]
Compiling architecture rtl of entity floating_point_v7_1_11.delay [\delay(fast_input=true)\]
Compiling architecture rtl of entity floating_point_v7_1_11.special_detect [\special_detect(c_xdevicefamily=...]
Compiling architecture struct of entity floating_point_v7_1_11.carry_chain [\carry_chain(c_xdevicefamily="vi...]
Compiling architecture synth of entity floating_point_v7_1_11.compare_gt [\compare_gt(c_xdevicefamily="vir...]
Compiling architecture synth of entity floating_point_v7_1_11.compare [\compare(c_xdevicefamily="virtex...]
Compiling architecture synth of entity xbip_pipe_v3_0_6.xbip_pipe_v3_0_6_viv [\xbip_pipe_v3_0_6_viv(c_latency=...]
Compiling architecture rtl of entity floating_point_v7_1_11.delay [\delay(width=8)\]
Compiling architecture synth of entity xbip_pipe_v3_0_6.xbip_pipe_v3_0_6_viv [\xbip_pipe_v3_0_6_viv(c_latency=...]
Compiling architecture rtl of entity floating_point_v7_1_11.delay [\delay(width=9)\]
Compiling architecture synth of entity xbip_pipe_v3_0_6.xbip_pipe_v3_0_6_viv [\xbip_pipe_v3_0_6_viv(c_latency=...]
Compiling architecture rtl of entity floating_point_v7_1_11.delay [\delay(width=2,length=3,fast_inp...]
Compiling architecture synth of entity xbip_pipe_v3_0_6.xbip_pipe_v3_0_6_viv [\xbip_pipe_v3_0_6_viv(c_latency=...]
Compiling architecture rtl of entity floating_point_v7_1_11.delay [\delay(length=3,fast_input=true)...]
Compiling architecture synth of entity xbip_pipe_v3_0_6.xbip_pipe_v3_0_6_viv [\xbip_pipe_v3_0_6_viv(c_has_ce=1...]
Compiling architecture rtl of entity floating_point_v7_1_11.delay [\delay(length=0,fast_input=true)...]
Compiling architecture synth of entity xbip_pipe_v3_0_6.xbip_pipe_v3_0_6_viv [\xbip_pipe_v3_0_6_viv(c_has_ce=1...]
Compiling architecture rtl of entity floating_point_v7_1_11.delay [\delay(width=2,length=0,fast_inp...]
Compiling architecture synth of entity xbip_pipe_v3_0_6.xbip_pipe_v3_0_6_viv [\xbip_pipe_v3_0_6_viv(c_has_ce=1...]
Compiling architecture rtl of entity floating_point_v7_1_11.delay [\delay(width=12,length=0)\]
Compiling architecture rtl of entity floating_point_v7_1_11.flt_add_exp_sp [\flt_add_exp_sp(c_xdevicefamily=...]
Compiling architecture synth of entity xbip_pipe_v3_0_6.xbip_pipe_v3_0_6_viv [\xbip_pipe_v3_0_6_viv(c_latency=...]
Compiling architecture rtl of entity floating_point_v7_1_11.delay [\delay(width=23)\]
Compiling architecture synth of entity floating_point_v7_1_11.flt_dec_op [\flt_dec_op(c_xdevicefamily="vir...]
Compiling architecture rtl of entity floating_point_v7_1_11.flt_add_dsp [\flt_add_dsp(c_xdevicefamily="vi...]
Compiling architecture rtl of entity floating_point_v7_1_11.flt_add [\flt_add(c_xdevicefamily="virtex...]
Compiling module unisims_ver.x_lut1_mux2
Compiling module unisims_ver.LUT1
Compiling architecture synth of entity xbip_pipe_v3_0_6.xbip_pipe_v3_0_6_viv [\xbip_pipe_v3_0_6_viv(c_latency=...]
Compiling architecture synth of entity xbip_pipe_v3_0_6.xbip_pipe_v3_0_6_viv [\xbip_pipe_v3_0_6_viv(c_has_ce=1...]
Compiling architecture rtl of entity floating_point_v7_1_11.delay [\delay(width=32,length=0)\]
Compiling architecture xilinx of entity floating_point_v7_1_11.floating_point_v7_1_11_viv [\floating_point_v7_1_11_viv(c_xd...]
Compiling architecture xilinx of entity floating_point_v7_1_11.floating_point_v7_1_11 [\floating_point_v7_1_11(c_xdevic...]
Compiling module xil_defaultlib.mm_ap_fadd_5_full_dsp_32
Compiling module xil_defaultlib.mm_fadd_32ns_32ns_32_7_full_dsp_...
Compiling architecture dsp48e1_v of entity unisim.DSP48E1 [\DSP48E1(acascreg=0,adreg=0,alum...]
Compiling architecture synth of entity xbip_pipe_v3_0_6.xbip_pipe_v3_0_6_viv [\xbip_pipe_v3_0_6_viv(c_has_ce=1...]
Compiling architecture rtl of entity floating_point_v7_1_11.delay [\delay(width=17,length=0)\]
Compiling architecture rtl of entity floating_point_v7_1_11.dsp48e1_wrapper [\dsp48e1_wrapper(a_width=24,b_wi...]
Compiling architecture dsp48e1_v of entity unisim.DSP48E1 [\DSP48E1(acascreg=0,adreg=0,alum...]
Compiling architecture rtl of entity floating_point_v7_1_11.dsp48e1_wrapper [\dsp48e1_wrapper(a_width=24,b_wi...]
Compiling architecture struct of entity floating_point_v7_1_11.fix_mult_dsp48e1_sgl [\fix_mult_dsp48e1_sgl(registers=...]
Compiling architecture rtl of entity floating_point_v7_1_11.fix_mult [\fix_mult(c_xdevicefamily="virte...]
Compiling architecture synth of entity xbip_pipe_v3_0_6.xbip_pipe_v3_0_6_viv [\xbip_pipe_v3_0_6_viv(c_has_ce=1...]
Compiling architecture rtl of entity floating_point_v7_1_11.delay [\delay(width=8,length=0,fast_inp...]
Compiling architecture struct of entity floating_point_v7_1_11.carry_chain [\carry_chain(c_xdevicefamily="vi...]
Compiling architecture struct of entity floating_point_v7_1_11.carry_chain [\carry_chain(c_xdevicefamily="vi...]
Compiling architecture synth of entity floating_point_v7_1_11.compare_eq_im [\compare_eq_im(c_xdevicefamily="...]
Compiling architecture rtl of entity floating_point_v7_1_11.special_detect [\special_detect(c_xdevicefamily=...]
Compiling architecture synth of entity xbip_pipe_v3_0_6.xbip_pipe_v3_0_6_viv [\xbip_pipe_v3_0_6_viv(c_latency=...]
Compiling architecture rtl of entity floating_point_v7_1_11.delay [\delay(width=2,fast_input=true)\]
Compiling architecture synth of entity xbip_pipe_v3_0_6.xbip_pipe_v3_0_6_viv [\xbip_pipe_v3_0_6_viv(c_latency=...]
Compiling architecture rtl of entity floating_point_v7_1_11.delay [\delay(width=4,fast_input=true)\]
Compiling architecture synth of entity xbip_pipe_v3_0_6.xbip_pipe_v3_0_6_viv [\xbip_pipe_v3_0_6_viv(c_has_ce=1...]
Compiling architecture rtl of entity floating_point_v7_1_11.delay [\delay(width=3,length=0,fast_inp...]
Compiling architecture synth of entity xbip_pipe_v3_0_6.xbip_pipe_v3_0_6_viv [\xbip_pipe_v3_0_6_viv(c_has_ce=1...]
Compiling architecture rtl of entity floating_point_v7_1_11.delay [\delay(width=14,length=0)\]
Compiling architecture rtl of entity floating_point_v7_1_11.flt_mult_exp [\flt_mult_exp(c_xdevicefamily="v...]
Compiling architecture dsp48e1_v of entity unisim.DSP48E1 [\DSP48E1(acascreg=0,adreg=0,alum...]
Compiling architecture synth of entity xbip_pipe_v3_0_6.xbip_pipe_v3_0_6_viv [\xbip_pipe_v3_0_6_viv(c_has_ce=1...]
Compiling architecture rtl of entity floating_point_v7_1_11.delay [\delay(width=30,length=0)\]
Compiling architecture synth of entity xbip_pipe_v3_0_6.xbip_pipe_v3_0_6_viv [\xbip_pipe_v3_0_6_viv(c_has_ce=1...]
Compiling architecture rtl of entity floating_point_v7_1_11.delay [\delay(width=18,length=0)\]
Compiling architecture rtl of entity floating_point_v7_1_11.dsp48e1_wrapper [\dsp48e1_wrapper(a_width=30,b_wi...]
Compiling architecture struct of entity floating_point_v7_1_11.flt_round_dsp_opt_full [\flt_round_dsp_opt_full(c_xdevic...]
Compiling architecture rtl of entity floating_point_v7_1_11.flt_mult_round [\flt_mult_round(c_xdevicefamily=...]
Compiling architecture synth of entity floating_point_v7_1_11.flt_dec_op_lat [\flt_dec_op_lat(c_xdevicefamily=...]
Compiling architecture rtl of entity floating_point_v7_1_11.flt_mult [\flt_mult(c_xdevicefamily="virte...]
Compiling architecture synth of entity xbip_pipe_v3_0_6.xbip_pipe_v3_0_6_viv [\xbip_pipe_v3_0_6_viv(c_latency=...]
Compiling architecture xilinx of entity floating_point_v7_1_11.floating_point_v7_1_11_viv [\floating_point_v7_1_11_viv(c_xd...]
Compiling architecture xilinx of entity floating_point_v7_1_11.floating_point_v7_1_11 [\floating_point_v7_1_11(c_xdevic...]
Compiling module xil_defaultlib.mm_ap_fmul_2_max_dsp_32
Compiling module xil_defaultlib.mm_fmul_32ns_32ns_32_4_max_dsp_1...
Compiling module xil_defaultlib.mm
Compiling module xil_defaultlib.AESL_automem_C
Compiling module xil_defaultlib.AESL_automem_A
Compiling module xil_defaultlib.AESL_automem_B
Compiling module xil_defaultlib.nodf_module_intf
Compiling module xil_defaultlib.dataflow_monitor_1
Compiling module xil_defaultlib.apatb_mm_top
Compiling module work.glbl
Built simulation snapshot mm
