

================================================================
== Synthesis Summary Report of 'mm'
================================================================
+ General Information: 
    * Date:           Fri Oct 14 22:04:46 2022
    * Version:        2020.2.2 (Build 3118627 on Tue Feb  9 05:13:49 MST 2021)
    * Project:        mm.prj
    * Solution:       solution2 (Vivado IP Flow Target)
    * Product family: virtexuplus
    * Target device:  xcu50-fsvh2104-2-e
    

+ Performance & Resource Estimates: 
    
    PS: '+' for module; 'o' for loop; '*' for dataflow
    +----------------+--------+-------+---------+-----------+----------+---------+------+----------+------+----------+-------------+------------+-----+
    |     Modules    |  Issue |       | Latency |  Latency  | Iteration|         | Trip |          |      |          |             |            |     |
    |     & Loops    |  Type  | Slack | (cycles)|    (ns)   |  Latency | Interval| Count| Pipelined| BRAM |    DSP   |      FF     |     LUT    | URAM|
    +----------------+--------+-------+---------+-----------+----------+---------+------+----------+------+----------+-------------+------------+-----+
    |+ mm            |  Timing|   0.36|    26849|  8.941e+04|         -|    26850|     -|        no|     -|  100 (1%)|  11750 (~0%)|  6413 (~0%)|    -|
    | o OUTER_LOOP   |       -|  -2.43|    26848|  8.940e+04|       839|        -|    32|        no|     -|         -|            -|           -|    -|
    |  o COPY_LOOP   |       -|  -2.43|       32|    106.560|         2|        1|    32|       yes|     -|         -|            -|           -|    -|
    |  o COPY_LOOP   |       -|  -2.43|       37|    123.210|         7|        1|    32|       yes|     -|         -|            -|           -|    -|
    |  o INNER_LOOP  |      II|  -2.43|      743|  2.474e+03|       248|       16|    32|       yes|     -|         -|            -|           -|    -|
    +----------------+--------+-------+---------+-----------+----------+---------+------+----------+------+----------+-------------+------------+-----+

